

times in msec
 clock   self+sourced   self:  sourced script
 clock   elapsed:              other lines

000.008  000.008: --- NVIM STARTING ---
000.091  000.083: event init
000.193  000.102: early init
000.291  000.098: locale set
000.360  000.069: init first window
000.834  000.474: inits 1
000.862  000.028: window checked
000.867  000.005: parsing arguments
001.788  000.174  000.174: require('vim.shared')
001.975  000.070  000.070: require('vim._meta')
001.980  000.181  000.111: require('vim._editor')
001.984  000.411  000.056: require('vim._init_packages')
001.991  000.713: init lua interpreter
002.129  000.138: expanding arguments
002.193  000.064: inits 2
002.781  000.589: init highlight
002.786  000.005: waiting for UI
003.075  000.288: done waiting for UI
003.091  000.017: clear screen
003.412  000.321: init default mappings & autocommands
004.724  000.108  000.108: sourcing /usr/share/nvim/runtime/ftplugin.vim
004.842  000.059  000.059: sourcing /usr/share/nvim/runtime/indent.vim
004.987  000.059  000.059: sourcing $VIM/sysinit.vim
006.843  001.758  001.758: require('stankovictab.settings')
007.392  000.014  000.014: require('vim.keymap')
008.667  001.243  001.243: require('lazy')
008.767  000.042  000.042: require('ffi')
008.904  000.129  000.129: require('vim.loader')
009.036  000.049  000.049: require('vim.fs')
009.326  000.385  000.336: require('lazy.stats')
009.788  000.425  000.425: require('lazy.core.util')
010.009  000.213  000.213: require('lazy.core.config')
010.438  000.125  000.125: require('lazy.core.handler')
010.597  000.151  000.151: require('lazy.core.plugin')
010.613  000.598  000.321: require('lazy.core.loader')
013.477  000.173  000.173: require('lazy.core.handler.keys')
013.701  000.115  000.115: require('lazy.core.handler.event')
013.709  000.218  000.103: require('lazy.core.handler.ft')
013.813  000.096  000.096: require('lazy.core.handler.cmd')
015.050  000.676  000.676: sourcing /usr/share/nvim/runtime/filetype.lua
017.286  000.248  000.248: require('nvim-autopairs._log')
017.642  000.343  000.343: require('nvim-autopairs.utils')
017.902  000.068  000.068: require('nvim-autopairs.conds')
017.910  000.153  000.085: require('nvim-autopairs.rule')
017.914  000.267  000.114: require('nvim-autopairs.rules.basic')
017.925  001.934  001.075: require('nvim-autopairs')
018.920  000.074  000.074: sourcing /home/stankovictab/.local/share/nvim/lazy/nvim-web-devicons/plugin/nvim-web-devicons.vim
020.022  000.081  000.081: require('nvim-tree.notify')
020.031  000.181  000.100: require('nvim-tree.events')
020.262  000.067  000.067: require('nvim-tree.log')
020.493  000.089  000.089: require('nvim-tree.iterators.node-iterator')
020.539  000.273  000.184: require('nvim-tree.utils')
020.686  000.144  000.144: require('nvim-tree.git.utils')
020.857  000.165  000.165: require('nvim-tree.git.runner')
020.995  000.132  000.132: require('nvim-tree.watcher')
021.086  000.087  000.087: require('nvim-tree.explorer.node')
021.100  000.998  000.130: require('nvim-tree.git')
021.203  000.101  000.101: require('nvim-tree.explorer.watch')
021.362  000.080  000.080: require('nvim-tree.explorer.node-builders')
021.455  000.089  000.089: require('nvim-tree.explorer.sorters')
021.540  000.081  000.081: require('nvim-tree.explorer.filters')
021.924  000.293  000.293: require('nvim-tree.view')
021.943  000.400  000.106: require('nvim-tree.live-filter')
021.952  000.745  000.095: require('nvim-tree.explorer.explore')
022.250  000.295  000.295: require('nvim-tree.explorer.reload')
022.268  002.234  000.095: require('nvim-tree.explorer')
022.277  002.483  000.068: require('nvim-tree.core')
022.360  000.080  000.080: require('nvim-tree.diagnostics')
022.457  000.044  000.044: require('nvim-tree.modified')
022.461  000.097  000.053: require('nvim-tree.renderer.components.modified')
022.528  000.065  000.065: require('nvim-tree.renderer.components.padding')
022.608  000.075  000.075: require('nvim-tree.renderer.components.icons')
022.703  000.089  000.089: require('nvim-tree.renderer.components.full-name')
022.808  000.099  000.099: require('nvim-tree.renderer.components.git')
023.003  000.142  000.142: require('nvim-tree.renderer.builder')
023.106  000.097  000.097: require('nvim-tree.marks')
023.120  003.436  000.207: require('nvim-tree.renderer')
023.132  003.504  000.069: require('nvim-tree.lib')
023.252  000.101  000.101: require('nvim-tree.colors')
023.897  000.112  000.112: require('nvim-tree.actions.finders.find-file')
023.909  000.233  000.121: require('nvim-tree.actions.tree.open')
024.039  000.125  000.125: require('nvim-tree.actions.tree.toggle')
024.179  000.132  000.132: require('nvim-tree.actions.reloaders.reloaders')
024.325  000.138  000.138: require('nvim-tree.actions.root.dir-up')
024.408  000.076  000.076: require('nvim-tree.actions.tree.find-file')
024.509  000.096  000.096: require('nvim-tree.actions.finders.search-node')
024.591  000.076  000.076: require('nvim-tree.actions.tree-modifiers.collapse-all')
024.673  000.077  000.077: require('nvim-tree.actions.tree-modifiers.expand-all')
024.752  000.073  000.073: require('nvim-tree.actions.tree-modifiers.toggles')
024.946  000.097  000.097: require('nvim-tree.keymap')
024.955  000.193  000.096: require('nvim-tree.help')
025.069  000.108  000.108: require('nvim-tree.actions.fs.create-file')
025.156  000.082  000.082: require('nvim-tree.actions.fs.remove-file')
025.225  000.063  000.063: require('nvim-tree.actions.fs.trash')
025.418  000.190  000.190: require('nvim-tree.actions.fs.rename-file')
025.499  000.076  000.076: require('nvim-tree.actions.fs.copy-paste')
025.564  000.054  000.054: require('nvim-tree.actions.node.file-popup')
025.614  000.046  000.046: require('nvim-tree.actions.node.run-command')
025.677  000.060  000.060: require('nvim-tree.actions.node.system-open')
025.750  000.070  000.070: require('nvim-tree.actions.moves.sibling')
025.822  000.063  000.063: require('nvim-tree.actions.moves.parent')
025.898  000.072  000.072: require('nvim-tree.actions.moves.item')
025.989  000.073  000.073: require('nvim-tree.marks.bulk-delete')
026.060  000.068  000.068: require('nvim-tree.marks.bulk-move')
026.265  000.135  000.135: require('nvim-tree.actions.node.open-file')
026.277  000.213  000.078: require('nvim-tree.marks.navigation')
026.283  002.752  000.295: require('nvim-tree.api')
026.318  002.967  000.215: require('nvim-tree.keymap-legacy')
026.336  003.078  000.112: require('nvim-tree.commands')
026.428  000.089  000.089: require('nvim-tree.actions.root.change-dir')
026.504  000.072  000.072: require('nvim-tree.legacy')
026.762  000.016  000.016: require('vim.F')
026.898  000.372  000.356: require('vim.diagnostic')
026.939  007.871  000.655: require('nvim-tree')
028.020  000.163  000.163: require('nvim-tree.actions')
029.313  000.774  000.774: require('nvim-web-devicons')
031.919  012.928  004.121: require('stankovictab.specifics.nvim-tree')
032.703  000.374  000.374: require('cokeline/utils')
032.851  000.049  000.049: require('cokeline/augroups')
032.958  000.043  000.043: require('cokeline.utils')
032.965  000.110  000.068: require('cokeline/buffers')
033.102  000.040  000.040: require('cokeline/hlgroups')
033.107  000.090  000.051: require('cokeline/components')
033.156  000.047  000.047: require('cokeline/sliders')
033.174  000.207  000.069: require('cokeline/config')
033.227  000.051  000.051: require('cokeline/mappings')
033.349  000.037  000.037: require('cokeline/context')
033.353  000.080  000.043: require('cokeline/sidebar')
033.445  000.091  000.091: require('cokeline/rhs')
033.450  000.220  000.050: require('cokeline/rendering')
033.646  000.125  000.125: require('vim.version')
036.972  000.398  000.398: require('cokeline.buffers')
037.124  000.138  000.138: require('cokeline.rendering')
037.132  003.680  003.019: require('cokeline/hover')
037.258  000.098  000.098: require('cokeline/handlers')
037.266  004.558  000.144: require('cokeline')
039.062  006.805  001.872: require('stankovictab.specifics.cokeline')
040.078  000.376  000.376: require('cmp.utils.api')
040.210  000.053  000.053: require('cmp.types.cmp')
040.357  000.076  000.076: require('cmp.utils.misc')
040.489  000.275  000.199: require('cmp.types.lsp')
040.550  000.056  000.056: require('cmp.types.vim')
040.553  000.469  000.086: require('cmp.types')
040.617  000.062  000.062: require('cmp.utils.highlight')
040.773  000.072  000.072: require('cmp.utils.debug')
040.786  000.166  000.094: require('cmp.utils.autocmd')
041.211  001.599  000.527: sourcing /home/stankovictab/.local/share/nvim/lazy/nvim-cmp/plugin/cmp.lua
042.022  000.206  000.206: require('cmp.utils.char')
042.034  000.344  000.137: require('cmp.utils.str')
042.344  000.082  000.082: require('cmp.utils.buffer')
042.354  000.228  000.146: require('cmp.utils.keymap')
042.361  000.324  000.096: require('cmp.utils.feedkeys')
042.685  000.112  000.112: require('cmp.config.mapping')
042.754  000.065  000.065: require('cmp.utils.cache')
042.946  000.112  000.112: require('cmp.config.compare')
042.950  000.191  000.079: require('cmp.config.default')
042.977  000.520  000.152: require('cmp.config')
043.005  000.642  000.122: require('cmp.utils.async')
043.175  000.087  000.087: require('cmp.utils.pattern')
043.182  000.173  000.086: require('cmp.context')
043.958  000.507  000.507: require('cmp.matcher')
044.032  000.709  000.202: require('cmp.entry')
044.115  000.932  000.223: require('cmp.source')
044.783  000.339  000.339: require('cmp.utils.event')
045.106  000.044  000.044: require('cmp.utils.options')
045.114  000.159  000.115: require('cmp.utils.window')
045.120  000.331  000.172: require('cmp.view.docs_view')
045.221  000.099  000.099: require('cmp.view.custom_entries_view')
045.295  000.071  000.071: require('cmp.view.wildmenu_entries_view')
045.357  000.058  000.058: require('cmp.view.native_entries_view')
045.438  000.078  000.078: require('cmp.view.ghost_text_view')
045.449  001.330  000.353: require('cmp.view')
046.071  004.549  000.804: require('cmp.core')
046.380  000.112  000.112: require('cmp.config.sources')
046.436  000.051  000.051: require('cmp.config.window')
046.525  005.135  000.423: require('cmp')
048.291  001.072  001.072: require('vim.filetype')
048.968  000.051  000.051: require('luasnip.util.types')
049.023  000.050  000.050: require('luasnip.util.ext_opts')
049.201  000.053  000.053: require('luasnip.session')
051.393  002.320  002.267: require('luasnip.util.util')
051.401  002.375  000.055: require('luasnip.extras.filetype_functions')
051.520  003.035  000.559: require('luasnip.config')
051.732  000.045  000.045: require('luasnip.session.snippet_collection.source')
051.739  000.109  000.065: require('luasnip.session.snippet_collection')
052.267  000.478  000.478: require('luasnip.util._builtin_vars')
052.372  000.099  000.099: require('vim.inspect')
052.534  000.793  000.215: require('luasnip.util.environ')
052.724  000.185  000.185: require('luasnip.util.extend_decorator')
052.869  000.058  000.058: require('luasnip.loaders._caches')
053.023  000.087  000.087: require('luasnip.util.path')
053.032  000.159  000.071: require('luasnip.loaders.util')
053.060  000.332  000.116: require('luasnip.loaders')
053.183  000.113  000.113: require('luasnip.util.log')
053.221  001.688  000.156: require('luasnip')
053.271  006.162  000.368: sourcing /home/stankovictab/.local/share/nvim/lazy/LuaSnip/plugin/luasnip.lua
053.371  000.042  000.042: sourcing /home/stankovictab/.local/share/nvim/lazy/LuaSnip/plugin/luasnip.vim
053.731  000.204  000.204: require('luasnip.util.jsonc')
053.745  007.216  000.808: require('luasnip/loaders/from_vscode')
056.679  015.422  003.071: require('stankovictab.specifics.nvim-cmp')
057.104  000.165  000.165: sourcing /home/stankovictab/.local/share/nvim/lazy/lazygit.nvim/plugin/lazygit.vim
058.606  000.020  000.020: sourcing /home/stankovictab/.local/share/nvim/lazy/which-key.nvim/plugin/which-key.vim
059.566  000.103  000.103: require('which-key.util')
059.572  000.218  000.115: require('which-key.tree')
059.808  000.234  000.234: require('which-key.config')
059.823  000.604  000.152: require('which-key.keys')
059.830  001.183  000.579: require('which-key')
061.108  000.319  000.319: require('vim.lsp.log')
061.708  000.592  000.592: require('vim.lsp.protocol')
062.363  000.354  000.354: require('vim.lsp._snippet')
062.444  000.076  000.076: require('vim.highlight')
062.473  000.737  000.307: require('vim.lsp.util')
062.501  001.937  000.290: require('vim.lsp.handlers')
062.954  000.450  000.450: require('vim.lsp.rpc')
063.248  000.289  000.289: require('vim.lsp.sync')
063.867  000.613  000.613: require('vim.lsp.semantic_tokens')
064.664  000.774  000.774: require('vim.lsp.buf')
064.792  000.122  000.122: require('vim.lsp.diagnostic')
064.857  000.061  000.061: require('vim.lsp.codelens')
064.988  004.748  000.501: require('vim.lsp')
066.449  006.385  001.637: sourcing /home/stankovictab/.local/share/nvim/lazy/nvim-lspconfig/plugin/lspconfig.lua
066.778  000.055  000.055: require('mason-core.path')
066.950  000.095  000.095: require('mason-core.functional')
067.065  000.042  000.042: require('mason-core.functional.data')
067.071  000.101  000.059: require('mason-core.functional.function')
067.157  000.064  000.064: require('mason-core.functional.relation')
067.215  000.049  000.049: require('mason-core.functional.logic')
067.234  000.451  000.143: require('mason-core.platform')
067.332  000.095  000.095: require('mason.settings')
067.337  000.668  000.068: require('mason')
067.604  000.117  000.117: require('mason-core.functional.list')
067.699  000.085  000.085: require('mason-core.functional.string')
067.758  000.395  000.193: require('mason.api.command')
067.876  000.093  000.093: require('mason-registry.sources')
069.263  000.201  000.201: require('mason-core.log')
069.895  000.622  000.622: require('mason-lspconfig.settings')
069.904  002.009  001.187: require('mason-lspconfig')
070.069  000.066  000.066: require('mason-lspconfig.notify')
070.080  000.158  000.093: require('mason-lspconfig.lspconfig_hook')
070.475  000.391  000.391: require('lspconfig.util')
070.698  000.081  000.081: require('mason-core.functional.table')
070.806  000.325  000.243: require('mason-lspconfig.mappings.server')
071.059  000.071  000.071: require('mason-core.EventEmitter')
071.148  000.083  000.083: require('mason-core.optional')
071.324  000.063  000.063: require('mason-core.async')
071.383  000.054  000.054: require('mason-core.async.uv')
071.390  000.236  000.118: require('mason-core.fs')
071.428  000.616  000.226: require('mason-registry')
071.477  000.046  000.046: require('mason-lspconfig.server_config_extensions')
071.546  000.066  000.066: require('lspconfig.configs')
071.602  000.053  000.053: require('lspconfig.server_configurations.omnisharp')
071.738  000.051  000.051: require('mason-lspconfig.ensure_installed')
072.042  000.065  000.065: require('mason-core.result')
072.104  000.209  000.143: require('mason-core.purl')
072.116  000.312  000.103: require('mason-core.package')
072.390  000.143  000.143: require('mason-core.process')
072.625  000.229  000.229: require('mason-core.spawn')
072.634  000.437  000.066: require('mason-core.managers.powershell')
072.719  000.081  000.081: require('mason.version')
072.726  000.608  000.089: require('mason-core.fetch')
072.821  000.090  000.090: require('mason-core.providers')
073.216  000.127  000.127: require('mason-core.installer.registry.expr')
073.240  000.286  000.159: require('mason-core.installer.registry.link')
073.847  000.103  000.103: require('mason-core.receipt')
073.929  000.310  000.206: require('mason-core.installer.context')
074.030  000.095  000.095: require('mason-core.async.control')
074.159  000.123  000.123: require('mason-core.installer.linker')
074.170  000.684  000.156: require('mason-core.installer')
074.207  000.873  000.188: require('mason-core.installer.managers.std')
074.213  000.968  000.096: require('mason-core.installer.registry.schemas')
074.311  000.095  000.095: require('mason-core.installer.registry.util')
074.331  001.505  000.155: require('mason-core.installer.registry')
074.354  002.607  000.092: require('mason-registry.sources.github')
081.630  000.061  000.061: require('mason-core.functional.number')
081.675  000.233  000.172: require('mason-lspconfig.api.command')
081.773  000.072  000.072: require('lspconfig')
081.841  000.060  000.060: require('lspconfig.server_configurations.tsserver')
082.476  000.088  000.088: require('lspconfig.server_configurations.pyright')
083.054  000.072  000.072: require('lspconfig.server_configurations.lua_ls')
083.709  000.092  000.092: require('lspconfig.server_configurations.bashls')
084.104  000.066  000.066: require('lspconfig.server_configurations.cssls')
085.058  018.523  010.361: require('stankovictab.specifics.lsp-hell')
085.541  000.186  000.186: sourcing /home/stankovictab/.local/share/nvim/lazy/vim-commentary/plugin/commentary.vim
086.647  000.078  000.078: require('nvim-treesitter.utils')
087.418  000.057  000.057: require('vim.treesitter.language')
087.446  000.169  000.112: require('vim.treesitter.query')
087.552  000.103  000.103: require('vim.treesitter._range')
087.571  000.402  000.130: require('vim.treesitter.languagetree')
087.590  000.572  000.171: require('vim.treesitter')
088.516  001.864  001.291: require('nvim-treesitter.parsers')
089.367  000.162  000.162: require('nvim-treesitter.compat')
089.797  000.268  000.268: require('nvim-treesitter.ts_utils')
089.819  000.440  000.172: require('nvim-treesitter.tsrange')
089.947  000.124  000.124: require('nvim-treesitter.caching')
089.979  001.053  000.327: require('nvim-treesitter.query')
090.030  001.327  000.274: require('nvim-treesitter.configs')
090.042  001.513  000.186: require('nvim-treesitter.info')
090.257  000.211  000.211: require('nvim-treesitter.shell_command_selectors')
090.343  003.908  000.242: require('nvim-treesitter.install')
090.460  000.111  000.111: require('nvim-treesitter.statusline')
090.670  000.204  000.204: require('nvim-treesitter.query_predicates')
090.677  004.673  000.450: require('nvim-treesitter')
091.372  005.433  000.760: sourcing /home/stankovictab/.local/share/nvim/lazy/nvim-treesitter/plugin/nvim-treesitter.lua
100.490  000.184  000.184: require('nvim-treesitter.highlight')
100.545  009.092  008.908: require('stankovictab.specifics.treesitter')
102.062  000.241  000.241: require('gitsigns.async')
102.666  000.254  000.254: require('gitsigns.message')
102.769  000.689  000.436: require('gitsigns.config')
102.926  000.151  000.151: require('gitsigns.debug.log')
102.946  002.168  001.086: require('gitsigns')
106.047  000.186  000.186: require('lib.log')
106.244  000.187  000.187: require('deps.msgpack')
106.656  000.407  000.407: require('deps.serpent')
106.749  000.087  000.087: require('presence.file_explorers')
107.414  000.662  000.662: require('presence.file_assets')
107.641  000.219  000.219: require('presence.plugin_managers')
108.429  000.507  000.507: require('deps.struct')
108.499  000.854  000.347: require('presence.discord')
108.545  003.500  000.897: require('presence')
109.438  000.037  000.037: sourcing /home/stankovictab/.local/share/nvim/lazy/presence.nvim/autoload/presence.vim
110.767  005.776  002.239: sourcing /home/stankovictab/.local/share/nvim/lazy/presence.nvim/plugin/presence.vim
114.559  003.585  003.585: require('stankovictab.specifics.presence')
119.880  001.318  001.318: require('indent_blankline/utils')
119.901  003.904  002.586: require('indent_blankline')
121.641  000.165  000.165: require('indent_blankline.commands')
121.848  006.035  001.966: sourcing /home/stankovictab/.local/share/nvim/lazy/indent-blankline.nvim/plugin/indent_blankline.vim
122.282  000.361  000.361: require('stankovictab.specifics.indent-blankline')
124.278  000.925  000.925: require('nvim-treesitter-playground')
124.397  001.153  000.227: sourcing /home/stankovictab/.local/share/nvim/lazy/playground/plugin/nvim-treesitter-playground.lua
125.793  000.141  000.141: require('vim.treesitter.highlighter')
125.809  000.256  000.114: require('nvim-treesitter-playground.utils')
125.819  000.376  000.120: require('nvim-treesitter-playground.printer')
126.028  000.115  000.115: require('nvim-treesitter.locals')
126.036  000.211  000.096: require('nvim-treesitter-playground.query')
126.132  000.092  000.092: require('nvim-treesitter-playground.promise')
126.237  001.031  000.352: require('nvim-treesitter-playground.internal')
126.288  001.753  000.722: require('stankovictab.specifics.playground')
128.499  000.108  000.108: require('lualine_require')
129.000  001.555  001.447: require('lualine')
133.501  000.186  000.186: require('lualine.highlight')
142.154  000.138  000.138: require('lualine.utils.mode')
145.121  017.815  015.936: require('stankovictab.specifics.lualine')
146.214  000.110  000.110: sourcing /home/stankovictab/.local/share/nvim/lazy/plenary.nvim/plugin/plenary.vim
147.041  000.547  000.547: sourcing /home/stankovictab/.local/share/nvim/lazy/telescope.nvim/plugin/telescope.lua
148.440  000.109  000.109: require('telescope._extensions')
148.456  001.123  001.014: require('telescope')
148.969  000.090  000.090: require('plenary.bit')
149.068  000.089  000.089: require('plenary.functional')
149.107  000.377  000.198: require('plenary.path')
149.123  000.493  000.116: require('plenary.strings')
149.226  000.099  000.099: require('telescope.deprecated')
149.609  000.184  000.184: require('plenary.log')
149.655  000.305  000.121: require('telescope.log')
149.942  000.137  000.137: require('plenary.job')
150.026  000.077  000.077: require('telescope.state')
150.039  000.378  000.164: require('telescope.utils')
150.050  000.817  000.134: require('telescope.sorters')
153.857  005.394  003.985: require('telescope.config')
156.046  008.927  002.410: require('stankovictab.specifics.telescope')
157.624  000.089  000.089: require('scrollbar.const')
157.745  000.107  000.107: require('scrollbar.utils')
157.840  000.089  000.089: require('scrollbar.handlers')
157.851  001.391  001.106: require('scrollbar')
157.959  000.102  000.102: require('scrollbar.config')
158.825  000.138  000.138: require('scrollbar.handlers.cursor')
158.983  000.108  000.108: require('scrollbar.handlers.diagnostic')
159.072  002.787  001.047: require('stankovictab.specifics.nvim-scrollbar')
159.466  000.123  000.123: sourcing /home/stankovictab/.local/share/nvim/lazy/nvim-colorizer.lua/plugin/colorizer.lua
160.562  000.055  000.055: require('colorizer.color')
160.909  000.281  000.281: require('colorizer.trie')
164.540  000.316  000.316: require('colorizer.utils')
164.571  003.657  003.341: require('colorizer.parser.names')
164.682  000.106  000.106: require('colorizer.parser.rgb')
164.827  000.139  000.139: require('colorizer.parser.hsl')
164.922  000.089  000.089: require('colorizer.parser.argb_hex')
165.014  000.086  000.086: require('colorizer.parser.rgba_hex')
165.155  000.135  000.135: require('colorizer.sass')
165.164  004.595  000.102: require('colorizer.matcher')
165.280  000.112  000.112: require('colorizer.tailwind')
165.295  004.893  000.131: require('colorizer.buffer')
165.329  005.560  000.667: require('colorizer')
165.443  005.920  000.360: require('stankovictab.specifics.nvim-colorizer')
167.623  001.001  001.001: require('nvim-cursorline')
167.703  001.199  000.198: require('stankovictab.specifics.nvim-cursorline')
171.207  001.012  001.012: require('flash')
171.359  000.140  000.140: require('flash.config')
171.691  000.086  000.086: require('flash.require')
171.709  000.225  000.139: require('flash.plugins.search')
171.917  000.140  000.140: require('flash.plugins.char')
172.015  000.091  000.091: require('flash.repeat')
173.302  000.252  000.252: sourcing /usr/share/nvim/runtime/plugin/editorconfig.lua
173.884  000.503  000.503: sourcing /usr/share/nvim/runtime/plugin/gzip.vim
173.980  000.027  000.027: sourcing /usr/share/nvim/runtime/plugin/health.vim
174.264  000.232  000.232: sourcing /usr/share/nvim/runtime/plugin/man.lua
175.697  000.503  000.503: sourcing /usr/share/nvim/runtime/pack/dist/opt/matchit/plugin/matchit.vim
175.861  001.532  001.030: sourcing /usr/share/nvim/runtime/plugin/matchit.vim
176.329  000.390  000.390: sourcing /usr/share/nvim/runtime/plugin/matchparen.vim
176.439  000.042  000.042: sourcing /usr/share/nvim/runtime/plugin/netrwPlugin.vim
176.696  000.196  000.196: sourcing /usr/share/nvim/runtime/plugin/nvim.lua
177.112  000.022  000.022: sourcing /home/stankovictab/.local/share/nvim/rplugin.vim
177.177  000.418  000.396: sourcing /usr/share/nvim/runtime/plugin/rplugin.vim
177.403  000.169  000.169: sourcing /usr/share/nvim/runtime/plugin/shada.vim
177.538  000.057  000.057: sourcing /usr/share/nvim/runtime/plugin/spellfile.vim
177.910  000.306  000.306: sourcing /usr/share/nvim/runtime/plugin/tarPlugin.vim
178.237  000.219  000.219: sourcing /usr/share/nvim/runtime/plugin/tohtml.vim
178.351  000.046  000.046: sourcing /usr/share/nvim/runtime/plugin/tutor.vim
178.872  000.393  000.393: sourcing /usr/share/nvim/runtime/plugin/zipPlugin.vim
180.377  000.209  000.209: require('cmp_luasnip')
180.519  001.185  000.976: sourcing /home/stankovictab/.local/share/nvim/lazy/cmp_luasnip/after/plugin/cmp_luasnip.lua
180.951  000.179  000.179: require('cmp_path')
180.999  000.319  000.140: sourcing /home/stankovictab/.local/share/nvim/lazy/cmp-path/after/plugin/cmp_path.lua
181.512  000.128  000.128: require('cmp_nvim_lsp.source')
181.523  000.277  000.149: require('cmp_nvim_lsp')
181.575  000.442  000.165: sourcing /home/stankovictab/.local/share/nvim/lazy/cmp-nvim-lsp/after/plugin/cmp_nvim_lsp.lua
182.316  000.107  000.107: require('cmp_buffer.timer')
182.328  000.272  000.165: require('cmp_buffer.buffer')
182.334  000.434  000.162: require('cmp_buffer.source')
182.340  000.530  000.096: require('cmp_buffer')
182.388  000.662  000.132: sourcing /home/stankovictab/.local/share/nvim/lazy/cmp-buffer/after/plugin/cmp_buffer.lua
182.523  175.660  024.444: require('stankovictab.plugins')
183.712  001.182  001.182: require('stankovictab.shortcuts')
184.101  000.116  000.116: require('material.util.config')
184.111  000.229  000.113: require('material')
187.638  000.102  000.102: require('mgz')
188.237  000.450  000.450: require('mgz.theme')
188.267  000.617  000.167: require('mgz.util')
194.880  007.456  006.737: sourcing /home/stankovictab/.local/share/nvim/lazy/mgz.nvim/colors/mgz.lua
196.678  000.178  000.178: require('indent_blankline.utils')
203.632  019.910  012.047: require('stankovictab.themes')
203.645  198.604  000.095: sourcing /home/stankovictab/.config/nvim/init.lua
203.670  001.428: sourcing vimrc file(s)
204.777  000.169  000.169: sourcing /usr/share/nvim/runtime/filetype.lua
206.118  000.256  000.256: sourcing /usr/share/nvim/runtime/syntax/synload.vim
206.512  001.547  001.291: sourcing /usr/share/nvim/runtime/syntax/syntax.vim
206.555  001.170: inits 3
212.794  006.239: reading ShaDa
217.674  003.351  003.351: require('alpha')
217.912  000.224  000.224: require('alpha.themes.dashboard')
218.125  004.048  000.473: require('stankovictab.specifics.alpha')
218.718  000.231  000.231: require('luasnip.loaders.from_lua')
219.130  000.220  000.220: require('luasnip.loaders.from_snipmate')
219.450  000.254  000.254: require('luasnip.loaders.from_vscode')
220.609  003.061: opening buffers
221.038  000.429: BufEnter autocommands
221.047  000.009: editing files in windows
221.407  000.195  000.195: require('which-key.plugins')
221.574  000.157  000.157: require('which-key.plugins.spelling')
221.870  000.286  000.286: require('which-key.mappings')
222.621  000.213  000.213: require('which-key.plugins.presets')
222.907  000.239  000.239: require('which-key.plugins.presets.misc')
223.092  000.163  000.163: require('which-key.plugins.registers')
223.983  000.220  000.220: require('which-key.plugins.marks')
224.580  000.171  000.171: require('which-key.colors')
260.163  037.471: VimEnter autocommands
260.243  000.080: UIEnter autocommands
342.506  081.983  081.983: sourcing /usr/share/nvim/runtime/autoload/provider/clipboard.vim
342.537  000.311: before starting main loop
346.240  003.703: first screen update
346.250  000.010: --- NVIM STARTED ---


times in msec
 clock   self+sourced   self:  sourced script
 clock   elapsed:              other lines

000.012  000.012: --- NVIM STARTING ---
000.141  000.129: event init
000.275  000.134: early init
000.388  000.113: locale set
000.467  000.078: init first window
000.876  000.409: inits 1
000.891  000.015: window checked
000.894  000.003: parsing arguments
001.457  000.059  000.059: require('vim.shared')
001.578  000.047  000.047: require('vim._meta')
001.581  000.117  000.070: require('vim._editor')
001.583  000.240  000.063: require('vim._init_packages')
001.587  000.454: init lua interpreter
002.522  000.935: expanding arguments
002.587  000.066: inits 2
002.976  000.389: init highlight
