

times in msec
 clock   self+sourced   self:  sourced script
 clock   elapsed:              other lines

000.012  000.012: --- NVIM STARTING ---
000.111  000.099: event init
000.277  000.166: early init
000.386  000.109: locale set
000.462  000.076: init first window
000.843  000.381: inits 1
000.879  000.037: window checked
000.887  000.008: parsing arguments
001.638  000.117  000.117: require('vim.shared')
001.816  000.060  000.060: require('vim._meta')
001.820  000.173  000.112: require('vim._editor')
001.822  000.339  000.049: require('vim._init_packages')
001.828  000.602: init lua interpreter
002.022  000.194: expanding arguments
002.111  000.090: inits 2
002.872  000.761: init highlight
002.879  000.007: waiting for UI
003.297  000.418: done waiting for UI
003.350  000.053: clear screen
004.139  000.790: init default mappings & autocommands
005.097  000.127  000.127: sourcing /usr/share/nvim/runtime/ftplugin.vim
005.238  000.057  000.057: sourcing /usr/share/nvim/runtime/indent.vim
005.355  000.047  000.047: sourcing $VIM/sysinit.vim
007.685  002.251  002.251: require('stankovictab.settings')
008.440  000.020  000.020: require('vim.keymap')
009.960  001.481  001.481: require('lazy')
010.122  000.063  000.063: require('ffi')
010.281  000.145  000.145: require('vim.loader')
010.402  000.044  000.044: require('vim.fs')
010.673  000.356  000.312: require('lazy.stats')
010.937  000.228  000.228: require('lazy.core.util')
011.143  000.202  000.202: require('lazy.core.config')
011.514  000.119  000.119: require('lazy.core.handler')
011.639  000.119  000.119: require('lazy.core.plugin')
011.649  000.502  000.264: require('lazy.core.loader')
014.477  000.242  000.242: require('lazy.core.handler.event')
014.559  000.071  000.071: require('lazy.core.handler.keys')
014.623  000.057  000.057: require('lazy.core.handler.ft')
014.706  000.079  000.079: require('lazy.core.handler.cmd')
015.794  000.715  000.715: sourcing /usr/share/nvim/runtime/filetype.lua
017.119  000.432  000.432: sourcing /home/stankovictab/.local/share/nvim/lazy/vim-commentary/plugin/commentary.vim
019.270  000.425  000.425: require('lualine_require')
019.863  001.775  001.350: require('lualine')
020.880  000.149  000.149: require('lualine.highlight')
026.263  000.163  000.163: require('lualine.utils.mode')
029.858  012.006  009.919: require('stankovictab.specifics.lualine')
030.346  000.098  000.098: sourcing /home/stankovictab/.local/share/nvim/lazy/nvim-web-devicons/plugin/nvim-web-devicons.vim
031.312  000.646  000.646: require('cokeline/utils')
031.541  000.154  000.154: require('cokeline/augroups')
032.219  000.144  000.144: require('vim.F')
032.308  000.653  000.509: require('nvim-web-devicons')
032.548  000.235  000.235: require('vim.diagnostic')
032.688  000.135  000.135: require('cokeline.utils')
032.697  001.151  000.128: require('cokeline/buffers')
032.987  000.072  000.072: require('cokeline/hlgroups')
032.993  000.192  000.120: require('cokeline/components')
033.043  000.048  000.048: require('cokeline/sliders')
033.064  000.365  000.125: require('cokeline/config')
033.121  000.055  000.055: require('cokeline/mappings')
033.356  000.089  000.089: require('cokeline/context')
033.361  000.153  000.064: require('cokeline/sidebar')
033.466  000.103  000.103: require('cokeline/rhs')
033.471  000.347  000.091: require('cokeline/rendering')
033.707  000.106  000.106: require('vim.version')
035.969  000.328  000.328: require('cokeline.buffers')
036.311  000.322  000.322: require('cokeline.rendering')
036.322  002.848  002.092: require('cokeline/hover')
036.515  000.187  000.187: require('cokeline/handlers')
036.522  005.205  000.098: require('cokeline')
037.708  007.166  001.314: require('stankovictab.specifics.cokeline')
041.169  002.653  002.653: require('vim.filetype')
041.948  000.070  000.070: require('luasnip.util.types')
042.012  000.057  000.057: require('luasnip.util.ext_opts')
042.304  000.074  000.074: require('luasnip.session')
044.186  002.103  002.029: require('luasnip.util.util')
044.193  002.177  000.074: require('luasnip.extras.filetype_functions')
044.419  003.059  000.756: require('luasnip.config')
044.647  000.048  000.048: require('luasnip.session.snippet_collection.source')
044.654  000.118  000.070: require('luasnip.session.snippet_collection')
045.117  000.410  000.410: require('luasnip.util._builtin_vars')
045.220  000.097  000.097: require('vim.inspect')
045.430  000.774  000.266: require('luasnip.util.environ')
045.519  000.083  000.083: require('luasnip.util.extend_decorator')
045.705  000.092  000.092: require('luasnip.loaders._caches')
046.063  000.247  000.247: require('luasnip.util.path')
046.077  000.365  000.118: require('luasnip.loaders.util')
046.127  000.602  000.146: require('luasnip.loaders')
046.377  000.231  000.231: require('luasnip.util.log')
046.409  001.978  000.169: require('luasnip')
046.460  008.085  000.395: sourcing /home/stankovictab/.local/share/nvim/lazy/LuaSnip/plugin/luasnip.lua
046.583  000.048  000.048: sourcing /home/stankovictab/.local/share/nvim/lazy/LuaSnip/plugin/luasnip.vim
047.456  000.086  000.086: require('nvim-treesitter.utils')
048.129  000.073  000.073: require('vim.treesitter.language')
048.146  000.183  000.111: require('vim.treesitter.query')
048.282  000.133  000.133: require('vim.treesitter._range')
048.297  000.447  000.131: require('vim.treesitter.languagetree')
048.311  000.557  000.110: require('vim.treesitter')
050.038  002.576  002.019: require('nvim-treesitter.parsers')
051.628  000.130  000.130: require('nvim-treesitter.compat')
051.940  000.174  000.174: require('nvim-treesitter.ts_utils')
051.954  000.311  000.137: require('nvim-treesitter.tsrange')
052.059  000.101  000.101: require('nvim-treesitter.caching')
052.082  000.824  000.281: require('nvim-treesitter.query')
052.116  001.588  000.765: require('nvim-treesitter.configs')
052.123  002.032  000.444: require('nvim-treesitter.info')
052.307  000.182  000.182: require('nvim-treesitter.shell_command_selectors')
052.381  005.142  000.267: require('nvim-treesitter.install')
052.463  000.077  000.077: require('nvim-treesitter.statusline')
052.598  000.132  000.132: require('nvim-treesitter.query_predicates')
052.604  005.789  000.438: require('nvim-treesitter')
053.237  006.490  000.701: sourcing /home/stankovictab/.local/share/nvim/lazy/nvim-treesitter/plugin/nvim-treesitter.lua
060.383  000.184  000.184: require('nvim-treesitter.highlight')
060.508  007.207  007.022: require('stankovictab.specifics.treesitter')
061.367  000.581  000.581: require('cmp.utils.api')
061.563  000.085  000.085: require('cmp.types.cmp')
061.746  000.075  000.075: require('cmp.utils.misc')
061.918  000.347  000.272: require('cmp.types.lsp')
062.038  000.114  000.114: require('cmp.types.vim')
062.043  000.660  000.114: require('cmp.types')
062.110  000.064  000.064: require('cmp.utils.highlight')
062.295  000.066  000.066: require('cmp.utils.debug')
062.323  000.209  000.143: require('cmp.utils.autocmd')
062.868  002.161  000.646: sourcing /home/stankovictab/.local/share/nvim/lazy/nvim-cmp/plugin/cmp.lua
063.430  000.081  000.081: require('cmp.utils.char')
063.444  000.150  000.070: require('cmp.utils.str')
063.640  000.045  000.045: require('cmp.utils.buffer')
063.648  000.149  000.104: require('cmp.utils.keymap')
063.653  000.207  000.058: require('cmp.utils.feedkeys')
063.870  000.057  000.057: require('cmp.config.mapping')
063.919  000.045  000.045: require('cmp.utils.cache')
064.102  000.107  000.107: require('cmp.config.compare')
064.106  000.183  000.077: require('cmp.config.default')
064.126  000.398  000.113: require('cmp.config')
064.170  000.514  000.116: require('cmp.utils.async')
064.268  000.042  000.042: require('cmp.utils.pattern')
064.273  000.099  000.057: require('cmp.context')
064.449  000.046  000.046: require('cmp.matcher')
064.456  000.120  000.074: require('cmp.entry')
064.463  000.188  000.068: require('cmp.source')
064.558  000.041  000.041: require('cmp.utils.event')
064.704  000.041  000.041: require('cmp.utils.options')
064.710  000.099  000.058: require('cmp.utils.window')
064.713  000.151  000.052: require('cmp.view.docs_view')
064.819  000.076  000.076: require('cmp.view.custom_entries_view')
064.886  000.063  000.063: require('cmp.view.wildmenu_entries_view')
064.941  000.052  000.052: require('cmp.view.native_entries_view')
065.018  000.074  000.074: require('cmp.view.ghost_text_view')
065.028  000.564  000.106: require('cmp.view')
065.668  002.520  000.797: require('cmp.core')
065.856  000.054  000.054: require('cmp.config.sources')
065.904  000.043  000.043: require('cmp.config.window')
065.973  002.926  000.308: require('cmp')
066.254  000.170  000.170: require('luasnip.util.jsonc')
066.264  000.288  000.118: require('luasnip/loaders/from_vscode')
068.066  005.124  001.911: require('stankovictab.specifics.nvim-cmp')
068.819  000.115  000.115: require('vim.lsp.log')
069.444  000.618  000.618: require('vim.lsp.protocol')
070.143  000.144  000.144: require('vim.lsp._snippet')
070.283  000.112  000.112: require('vim.highlight')
070.324  000.848  000.592: require('vim.lsp.util')
070.359  001.781  000.200: require('vim.lsp.handlers')
070.569  000.204  000.204: require('vim.lsp.rpc')
070.670  000.094  000.094: require('vim.lsp.sync')
070.817  000.142  000.142: require('vim.lsp.semantic_tokens')
071.072  000.250  000.250: require('vim.lsp.buf')
071.271  000.191  000.191: require('vim.lsp.diagnostic')
071.475  000.200  000.200: require('vim.lsp.codelens')
071.582  003.263  000.401: require('vim.lsp')
073.755  005.522  002.259: sourcing /home/stankovictab/.local/share/nvim/lazy/nvim-lspconfig/plugin/lspconfig.lua
076.240  000.775  000.775: require('mason-core.path')
076.668  000.196  000.196: require('mason-core.functional')
076.916  000.091  000.091: require('mason-core.functional.data')
076.931  000.233  000.143: require('mason-core.functional.function')
077.064  000.095  000.095: require('mason-core.functional.relation')
077.201  000.125  000.125: require('mason-core.functional.logic')
077.244  000.984  000.334: require('mason-core.platform')
077.391  000.144  000.144: require('mason.settings')
077.396  003.368  001.465: require('mason')
077.942  000.314  000.314: require('mason-core.functional.list')
078.078  000.127  000.127: require('mason-core.functional.string')
078.119  000.696  000.255: require('mason.api.command')
078.303  000.163  000.163: require('mason-registry.sources')
079.641  000.522  000.522: require('mason-core.log')
080.186  000.534  000.534: require('mason-lspconfig.settings')
080.195  001.706  000.649: require('mason-lspconfig')
080.435  000.071  000.071: require('mason-lspconfig.notify')
080.444  000.174  000.102: require('mason-lspconfig.lspconfig_hook')
080.763  000.317  000.317: require('lspconfig.util')
081.432  000.445  000.445: require('mason-core.functional.table')
081.545  000.777  000.332: require('mason-lspconfig.mappings.server')
081.811  000.100  000.100: require('mason-core.EventEmitter')
081.951  000.134  000.134: require('mason-core.optional')
082.579  000.464  000.464: require('mason-core.async')
082.753  000.139  000.139: require('mason-core.async.uv')
082.812  000.855  000.252: require('mason-core.fs')
083.194  001.644  000.555: require('mason-registry')
083.437  000.234  000.234: require('mason-lspconfig.server_config_extensions')
083.807  000.365  000.365: require('lspconfig.configs')
084.287  000.476  000.476: require('lspconfig.server_configurations.omnisharp')
085.005  000.508  000.508: require('mason-lspconfig.ensure_installed')
086.738  000.223  000.223: require('mason-core.result')
086.825  000.755  000.532: require('mason-core.purl')
086.840  001.450  000.694: require('mason-core.package')
087.120  000.129  000.129: require('mason-core.process')
087.339  000.215  000.215: require('mason-core.spawn')
087.345  000.443  000.099: require('mason-core.managers.powershell')
087.400  000.052  000.052: require('mason.version')
087.405  000.562  000.067: require('mason-core.fetch')
087.488  000.081  000.081: require('mason-core.providers')
087.730  000.082  000.082: require('mason-core.installer.registry.expr')
087.744  000.168  000.086: require('mason-core.installer.registry.link')
088.055  000.058  000.058: require('mason-core.receipt')
088.105  000.173  000.115: require('mason-core.installer.context')
088.176  000.068  000.068: require('mason-core.async.control')
088.240  000.060  000.060: require('mason-core.installer.linker')
088.247  000.383  000.082: require('mason-core.installer')
088.265  000.467  000.084: require('mason-core.installer.managers.std')
088.267  000.521  000.055: require('mason-core.installer.registry.schemas')
088.321  000.053  000.053: require('mason-core.installer.registry.util')
088.332  000.841  000.099: require('mason-core.installer.registry')
088.344  003.307  000.375: require('mason-registry.sources.github')
095.048  000.054  000.054: require('mason-core.functional.number')
095.096  000.210  000.156: require('mason-lspconfig.api.command')
095.175  000.075  000.075: require('lspconfig')
095.238  000.057  000.057: require('lspconfig.server_configurations.tsserver')
095.824  000.118  000.118: require('lspconfig.server_configurations.pyright')
096.312  000.128  000.128: require('lspconfig.server_configurations.lua_ls')
096.882  000.075  000.075: require('lspconfig.server_configurations.bashls')
097.507  000.096  000.096: require('lspconfig.server_configurations.cssls')
098.453  024.565  010.071: require('stankovictab.specifics.lsp-hell')
099.514  000.190  000.190: sourcing /home/stankovictab/.local/share/nvim/lazy/lazygit.nvim/plugin/lazygit.vim
100.734  000.079  000.079: require('nvim-autopairs._log')
100.827  000.086  000.086: require('nvim-autopairs.utils')
101.075  000.083  000.083: require('nvim-autopairs.conds')
101.083  000.171  000.088: require('nvim-autopairs.rule')
101.086  000.255  000.084: require('nvim-autopairs.rules.basic')
101.095  001.013  000.594: require('nvim-autopairs')
102.922  000.152  000.152: require('scrollbar.const')
103.207  000.251  000.251: require('scrollbar.utils')
103.306  000.093  000.093: require('scrollbar.handlers')
103.320  001.235  000.739: require('scrollbar')
103.428  000.102  000.102: require('scrollbar.config')
103.918  000.065  000.065: require('scrollbar.handlers.cursor')
104.010  000.065  000.065: require('scrollbar.handlers.diagnostic')
104.069  002.044  000.577: require('stankovictab.specifics.nvim-scrollbar')
105.821  000.113  000.113: require('gitsigns.async')
106.106  000.118  000.118: require('gitsigns.message')
106.138  000.304  000.186: require('gitsigns.config')
106.327  000.183  000.183: require('gitsigns.debug.log')
106.339  001.108  000.507: require('gitsigns')
108.200  000.100  000.100: sourcing /home/stankovictab/.local/share/nvim/lazy/nvim-colorizer.lua/plugin/colorizer.lua
108.901  000.044  000.044: require('colorizer.color')
109.220  000.265  000.265: require('colorizer.trie')
109.468  000.174  000.174: require('colorizer.utils')
109.474  000.247  000.073: require('colorizer.parser.names')
109.559  000.083  000.083: require('colorizer.parser.rgb')
109.628  000.065  000.065: require('colorizer.parser.hsl')
109.685  000.052  000.052: require('colorizer.parser.argb_hex')
109.732  000.043  000.043: require('colorizer.parser.rgba_hex')
109.790  000.055  000.055: require('colorizer.sass')
109.795  000.889  000.079: require('colorizer.matcher')
109.873  000.076  000.076: require('colorizer.tailwind')
109.880  001.084  000.074: require('colorizer.buffer')
109.890  001.584  000.500: require('colorizer')
109.992  001.750  000.167: require('stankovictab.specifics.nvim-colorizer')
111.674  000.580  000.580: require('nvim-cursorline')
111.757  000.731  000.150: require('stankovictab.specifics.nvim-cursorline')
113.485  000.203  000.203: require('indent_blankline/utils')
113.501  001.499  001.296: require('indent_blankline')
114.095  000.186  000.186: require('indent_blankline.commands')
114.425  002.549  000.864: sourcing /home/stankovictab/.local/share/nvim/lazy/indent-blankline.nvim/plugin/indent_blankline.vim
114.820  000.325  000.325: require('stankovictab.specifics.indent-blankline')
115.473  000.153  000.153: sourcing /usr/share/nvim/runtime/plugin/editorconfig.lua
116.104  000.546  000.546: sourcing /usr/share/nvim/runtime/plugin/gzip.vim
116.480  000.030  000.030: sourcing /usr/share/nvim/runtime/plugin/health.vim
116.795  000.217  000.217: sourcing /usr/share/nvim/runtime/plugin/man.lua
117.599  000.272  000.272: sourcing /usr/share/nvim/runtime/pack/dist/opt/matchit/plugin/matchit.vim
117.680  000.839  000.567: sourcing /usr/share/nvim/runtime/plugin/matchit.vim
117.932  000.214  000.214: sourcing /usr/share/nvim/runtime/plugin/matchparen.vim
118.001  000.028  000.028: sourcing /usr/share/nvim/runtime/plugin/netrwPlugin.vim
118.199  000.167  000.167: sourcing /usr/share/nvim/runtime/plugin/nvim.lua
118.472  000.015  000.015: sourcing /home/stankovictab/.local/share/nvim/rplugin.vim
118.490  000.248  000.233: sourcing /usr/share/nvim/runtime/plugin/rplugin.vim
118.638  000.107  000.107: sourcing /usr/share/nvim/runtime/plugin/shada.vim
118.719  000.040  000.040: sourcing /usr/share/nvim/runtime/plugin/spellfile.vim
118.924  000.172  000.172: sourcing /usr/share/nvim/runtime/plugin/tarPlugin.vim
119.079  000.119  000.119: sourcing /usr/share/nvim/runtime/plugin/tohtml.vim
119.137  000.024  000.024: sourcing /usr/share/nvim/runtime/plugin/tutor.vim
119.393  000.199  000.199: sourcing /usr/share/nvim/runtime/plugin/zipPlugin.vim
120.461  000.609  000.609: require('cmp_path')
120.497  000.761  000.151: sourcing /home/stankovictab/.local/share/nvim/lazy/cmp-path/after/plugin/cmp_path.lua
120.688  000.073  000.073: require('cmp_luasnip')
120.737  000.174  000.100: sourcing /home/stankovictab/.local/share/nvim/lazy/cmp_luasnip/after/plugin/cmp_luasnip.lua
120.997  000.063  000.063: require('cmp_nvim_lsp.source')
121.002  000.136  000.073: require('cmp_nvim_lsp')
121.019  000.206  000.070: sourcing /home/stankovictab/.local/share/nvim/lazy/cmp-nvim-lsp/after/plugin/cmp_nvim_lsp.lua
121.409  000.064  000.064: require('cmp_buffer.timer')
121.415  000.140  000.076: require('cmp_buffer.buffer')
121.418  000.218  000.078: require('cmp_buffer.source')
121.420  000.289  000.071: require('cmp_buffer')
121.440  000.355  000.066: sourcing /home/stankovictab/.local/share/nvim/lazy/cmp-buffer/after/plugin/cmp_buffer.lua
121.522  113.812  016.340: require('stankovictab.plugins')
122.106  000.579  000.579: require('stankovictab.shortcuts')
122.307  000.065  000.065: require('material.util.config')
122.315  000.125  000.060: require('material')
124.258  000.067  000.067: require('mgz')
124.565  000.232  000.232: require('mgz.theme')
124.570  000.304  000.073: require('mgz.util')
129.105  005.017  004.645: sourcing /home/stankovictab/.local/share/nvim/lazy/mgz.nvim/colors/mgz.lua
136.547  000.207  000.207: require('indent_blankline.utils')
136.650  014.539  009.190: require('stankovictab.themes')
136.655  131.263  000.081: sourcing /home/stankovictab/.config/nvim/init.lua
136.671  001.037: sourcing vimrc file(s)
137.087  000.104  000.104: sourcing /usr/share/nvim/runtime/filetype.lua
137.604  000.144  000.144: sourcing /usr/share/nvim/runtime/syntax/synload.vim
137.809  000.552  000.408: sourcing /usr/share/nvim/runtime/syntax/syntax.vim
137.831  000.504: inits 3
141.532  003.701: reading ShaDa
142.492  000.663  000.663: require('luasnip.loaders.from_lua')
143.045  000.429  000.429: require('luasnip.loaders.from_snipmate')
143.488  000.362  000.362: require('luasnip.loaders.from_vscode')
145.077  002.091: opening buffers
145.533  000.456: BufEnter autocommands
145.541  000.008: editing files in windows
146.213  000.672: VimEnter autocommands
146.424  000.211: UIEnter autocommands
232.605  085.892  085.892: sourcing /usr/share/nvim/runtime/autoload/provider/clipboard.vim
232.637  000.321: before starting main loop
237.326  004.690: first screen update
237.333  000.006: --- NVIM STARTED ---


times in msec
 clock   self+sourced   self:  sourced script
 clock   elapsed:              other lines

000.012  000.012: --- NVIM STARTING ---
000.125  000.112: event init
000.231  000.106: early init
000.319  000.088: locale set
000.412  000.093: init first window
000.794  000.382: inits 1
000.807  000.012: window checked
000.812  000.006: parsing arguments
001.441  000.092  000.092: require('vim.shared')
001.610  000.075  000.075: require('vim._meta')
001.614  000.158  000.083: require('vim._editor')
001.615  000.307  000.057: require('vim._init_packages')
001.623  000.504: init lua interpreter
002.524  000.901: expanding arguments
002.613  000.090: inits 2
003.154  000.541: init highlight
