

times in msec
 clock   self+sourced   self:  sourced script
 clock   elapsed:              other lines

000.014  000.014: --- NVIM STARTING ---
000.155  000.141: event init
000.281  000.126: early init
000.388  000.107: locale set
000.469  000.080: init first window
000.991  000.522: inits 1
001.020  000.030: window checked
001.026  000.005: parsing arguments
001.850  000.084  000.084: require('vim.shared')
002.058  000.065  000.065: require('vim._meta')
002.063  000.205  000.140: require('vim._editor')
002.067  000.377  000.088: require('vim._init_packages')
002.073  000.671: init lua interpreter
002.247  000.174: expanding arguments
003.276  001.030: inits 2
004.051  000.775: init highlight
004.063  000.012: waiting for UI
004.423  000.360: done waiting for UI
004.444  000.021: clear screen
004.884  000.440: init default mappings & autocommands
008.152  000.402  000.402: sourcing /usr/share/nvim/runtime/ftplugin.vim
008.673  000.073  000.073: sourcing /usr/share/nvim/runtime/indent.vim
008.952  000.115  000.115: sourcing $VIM/sysinit.vim
012.163  003.108  003.108: require('stankovictab.settings')
016.199  000.394  000.394: require('packer.util')
016.249  003.088  002.694: require('packer')
017.954  001.023  001.023: require('packer.log')
017.972  001.343  000.320: require('packer.async')
018.834  000.314  000.314: require('packer.result')
018.849  000.872  000.558: require('packer.jobs')
018.867  002.594  000.380: require('packer.plugin_utils')
019.456  000.557  000.557: require('packer.snapshot')
020.787  000.021  000.021: require('vim.keymap')
020.840  008.664  002.404: require('stankovictab.plugins')
021.828  000.983  000.983: require('stankovictab.shortcuts')
022.377  000.125  000.125: require('material.util.config')
022.383  000.292  000.166: require('material')
023.147  000.097  000.097: require('mgz')
024.361  001.058  001.058: require('mgz.theme')
024.368  001.216  000.158: require('mgz.util')
028.263  005.241  003.927: sourcing /home/stankovictab/.local/share/nvim/site/pack/packer/start/mgz.nvim/colors/mgz.lua
028.287  006.449  000.917: require('stankovictab.themes')
028.290  019.280  000.077: sourcing /home/stankovictab/.config/nvim/init.lua
028.309  003.553: sourcing vimrc file(s)
029.722  000.986  000.986: sourcing /usr/share/nvim/runtime/filetype.lua
030.247  000.130  000.130: sourcing /usr/share/nvim/runtime/syntax/synload.vim
030.421  000.581  000.451: sourcing /usr/share/nvim/runtime/syntax/syntax.vim
032.429  000.768  000.768: sourcing /usr/share/nvim/site/plugin/fzf.vim
033.320  000.250  000.250: sourcing /usr/share/nvim/runtime/plugin/gzip.vim
033.365  000.015  000.015: sourcing /usr/share/nvim/runtime/plugin/health.vim
034.156  000.267  000.267: sourcing /usr/share/nvim/runtime/pack/dist/opt/matchit/plugin/matchit.vim
034.306  000.920  000.653: sourcing /usr/share/nvim/runtime/plugin/matchit.vim
034.524  000.198  000.198: sourcing /usr/share/nvim/runtime/plugin/matchparen.vim
034.567  000.022  000.022: sourcing /usr/share/nvim/runtime/plugin/netrwPlugin.vim
034.773  000.011  000.011: sourcing /home/stankovictab/.local/share/nvim/rplugin.vim
034.784  000.195  000.184: sourcing /usr/share/nvim/runtime/plugin/rplugin.vim
034.876  000.076  000.076: sourcing /usr/share/nvim/runtime/plugin/shada.vim
034.964  000.039  000.039: sourcing /usr/share/nvim/runtime/plugin/spellfile.vim
035.139  000.148  000.148: sourcing /usr/share/nvim/runtime/plugin/tarPlugin.vim
035.295  000.106  000.106: sourcing /usr/share/nvim/runtime/plugin/tohtml.vim
035.345  000.023  000.023: sourcing /usr/share/nvim/runtime/plugin/tutor.vim
035.566  000.198  000.198: sourcing /usr/share/nvim/runtime/plugin/zipPlugin.vim
035.696  000.019  000.019: sourcing /usr/share/vim/vimfiles/plugin/fzf.vim
040.111  000.193  000.193: require('lib.log')
040.635  000.517  000.517: require('deps.msgpack')
041.264  000.625  000.625: require('deps.serpent')
041.455  000.182  000.182: require('presence.file_explorers')
042.250  000.791  000.791: require('presence.file_assets')
042.422  000.164  000.164: require('presence.plugin_managers')
043.146  000.366  000.366: require('deps.struct')
043.188  000.763  000.397: require('presence.discord')
043.201  004.275  001.039: require('presence')
044.111  000.062  000.062: sourcing /home/stankovictab/.local/share/nvim/site/pack/packer/start/presence.nvim/autoload/presence.vim
045.324  008.496  004.160: require('stankovictab.specifics.presence')
047.708  000.422  000.422: require('lualine_require')
048.395  002.754  002.332: require('lualine')
054.833  000.192  000.192: require('lualine.utils.mode')
061.797  016.452  013.506: require('stankovictab.specifics.lualine')
062.873  000.143  000.143: require('colorizer.color')
063.432  000.030  000.030: require('ffi')
063.615  000.493  000.463: require('colorizer.trie')
064.134  000.331  000.331: require('colorizer.utils')
064.140  000.520  000.189: require('colorizer.parser.names')
064.334  000.192  000.192: require('colorizer.parser.rgb')
064.586  000.246  000.246: require('colorizer.parser.hsl')
064.831  000.240  000.240: require('colorizer.parser.argb_hex')
065.106  000.268  000.268: require('colorizer.parser.rgba_hex')
065.711  000.599  000.599: require('colorizer.sass')
065.720  002.842  000.283: require('colorizer.matcher')
066.106  000.381  000.381: require('colorizer.tailwind')
066.122  003.706  000.340: require('colorizer.buffer')
066.146  004.249  000.543: require('colorizer')
066.267  004.460  000.210: require('stankovictab.specifics.nvim-colorizer')
067.075  000.330  000.330: require('telescope._extensions')
067.085  000.709  000.379: require('telescope')
069.976  000.634  000.634: require('plenary.bit')
070.359  000.373  000.373: require('plenary.functional')
070.470  002.120  001.112: require('plenary.path')
070.495  002.605  000.486: require('plenary.strings')
070.696  000.198  000.198: require('telescope.deprecated')
072.095  000.009  000.009: require('vim.F')
072.133  000.442  000.433: require('plenary.log')
072.197  000.662  000.220: require('telescope.log')
073.226  000.536  000.536: require('plenary.job')
073.420  000.188  000.188: require('telescope.state')
073.433  001.231  000.506: require('telescope.utils')
073.442  002.743  000.851: require('telescope.sorters')
073.517  000.054  000.054: require('vim.inspect')
076.059  008.965  003.366: require('telescope.config')
077.846  011.573  001.899: require('stankovictab.specifics.telescope')
078.401  000.190  000.190: require('mason-core.path')
079.106  000.329  000.329: require('mason-core.functional')
079.541  000.145  000.145: require('mason-core.functional.data')
079.554  000.406  000.261: require('mason-core.functional.function')
079.693  000.106  000.106: require('mason-core.functional.relation')
079.812  000.110  000.110: require('mason-core.functional.logic')
079.833  001.422  000.471: require('mason-core.platform')
079.997  000.161  000.161: require('mason.settings')
080.002  001.976  000.202: require('mason')
080.593  000.263  000.263: require('mason-core.functional.list')
080.789  000.190  000.190: require('mason-core.functional.string')
080.838  000.810  000.357: require('mason.api.command')
081.045  000.186  000.186: require('mason-registry.sources')
081.546  000.271  000.271: require('mason-core.log')
081.639  000.088  000.088: require('mason-lspconfig.settings')
081.644  000.581  000.222: require('mason-lspconfig')
081.916  000.087  000.087: require('mason-lspconfig.notify')
081.924  000.260  000.173: require('mason-lspconfig.lspconfig_hook')
085.965  000.735  000.735: require('vim.lsp.log')
087.561  001.582  001.582: require('vim.lsp.protocol')
091.530  001.154  001.154: require('vim.lsp._snippet')
091.836  000.295  000.295: require('vim.highlight')
091.862  004.285  002.835: require('vim.lsp.util')
091.898  007.822  001.221: require('vim.lsp.handlers')
092.719  000.818  000.818: require('vim.lsp.rpc')
093.151  000.426  000.426: require('vim.lsp.sync')
094.036  000.880  000.880: require('vim.lsp.semantic_tokens')
095.656  001.609  001.609: require('vim.lsp.buf')
096.338  000.666  000.666: require('vim.lsp.diagnostic')
097.075  000.725  000.725: require('vim.lsp.codelens')
097.231  014.744  001.798: require('vim.lsp')
097.691  015.765  001.022: require('lspconfig.util')
101.000  000.599  000.599: require('mason-core.functional.table')
101.161  003.455  002.857: require('mason-lspconfig.mappings.server')
101.856  000.224  000.224: require('mason-core.EventEmitter')
102.216  000.351  000.351: require('mason-core.optional')
103.368  000.478  000.478: require('mason-core.async')
103.485  000.108  000.108: require('mason-core.async.uv')
103.526  001.303  000.717: require('mason-core.fs')
103.598  002.430  000.552: require('mason-registry')
103.696  000.093  000.093: require('mason-lspconfig.server_config_extensions')
104.458  000.758  000.758: require('lspconfig.configs')
104.773  000.310  000.310: require('lspconfig.server_configurations.omnisharp')
105.205  000.307  000.307: require('mason-lspconfig.ensure_installed')
106.576  000.173  000.173: require('mason-core.result')
106.660  000.493  000.320: require('mason-core.purl')
106.675  000.875  000.383: require('mason-core.package')
107.258  000.286  000.286: require('mason-core.process')
107.849  000.585  000.585: require('mason-core.spawn')
107.863  001.014  000.143: require('mason-core.managers.powershell')
108.051  000.183  000.183: require('mason.version')
108.060  001.382  000.185: require('mason-core.fetch')
108.269  000.204  000.204: require('mason-core.providers')
109.464  000.290  000.290: require('mason-core.installer.registry.expr')
109.870  001.196  000.906: require('mason-core.installer.registry.link')
111.821  000.290  000.290: require('mason-core.receipt')
111.870  000.835  000.545: require('mason-core.installer.context')
112.115  000.239  000.239: require('mason-core.async.control')
112.352  000.230  000.230: require('mason-core.installer.linker')
112.363  001.778  000.476: require('mason-core.installer')
112.385  002.235  000.457: require('mason-core.installer.managers.std')
112.389  002.512  000.277: require('mason-core.installer.registry.schemas')
112.535  000.144  000.144: require('mason-core.installer.registry.util')
112.549  004.274  000.422: require('mason-core.installer.registry')
112.563  007.309  000.574: require('mason-registry.sources.github')
120.868  000.169  000.169: require('mason-core.functional.number')
120.945  000.656  000.486: require('mason-lspconfig.api.command')
121.251  000.300  000.300: require('lspconfig')
121.690  000.430  000.430: require('lspconfig.server_configurations.tsserver')
123.020  000.287  000.287: require('lspconfig.server_configurations.pyright')
123.869  000.243  000.243: require('lspconfig.server_configurations.lua_ls')
124.800  000.231  000.231: require('lspconfig.server_configurations.bashls')
125.465  000.141  000.141: require('lspconfig.server_configurations.cssls')
126.500  048.637  012.108: require('stankovictab.specifics.lsp-hell')
127.261  000.195  000.195: require('scrollbar.const')
127.605  000.333  000.333: require('scrollbar.utils')
127.759  000.151  000.151: require('scrollbar.handlers')
127.767  001.188  000.510: require('scrollbar')
127.966  000.196  000.196: require('scrollbar.config')
128.749  000.253  000.253: require('scrollbar.handlers.cursor')
130.295  001.263  001.263: require('vim.diagnostic')
130.304  001.515  000.252: require('scrollbar.handlers.diagnostic')
130.375  003.866  000.713: require('stankovictab.specifics.nvim-scrollbar')
131.259  000.151  000.151: require('nvim-autopairs._log')
131.625  000.361  000.361: require('nvim-autopairs.utils')
132.477  000.343  000.343: require('nvim-autopairs.conds')
132.492  000.653  000.311: require('nvim-autopairs.rule')
132.495  000.862  000.209: require('nvim-autopairs.rules.basic')
132.508  002.125  000.752: require('nvim-autopairs')
133.464  000.106  000.106: require('flash')
133.659  000.181  000.181: require('flash.config')
133.987  000.101  000.101: require('flash.require')
133.997  000.267  000.166: require('flash.plugins.search')
134.275  000.234  000.234: require('flash.plugins.char')
134.387  000.108  000.108: require('flash.repeat')
137.785  000.267  000.267: require('vim.treesitter.language')
137.804  000.810  000.543: require('vim.treesitter.query')
138.169  000.341  000.341: require('vim.treesitter._range')
138.184  001.835  000.684: require('vim.treesitter.languagetree')
138.197  002.330  000.495: require('vim.treesitter')
138.201  002.498  000.168: require('nvim-treesitter.compat')
141.467  002.477  002.477: require('nvim-treesitter.parsers')
142.044  000.561  000.561: require('nvim-treesitter.utils')
142.073  003.553  000.515: require('nvim-treesitter.ts_utils')
142.097  003.893  000.339: require('nvim-treesitter.tsrange')
142.393  000.292  000.292: require('nvim-treesitter.caching')
142.427  007.146  000.463: require('nvim-treesitter.query')
142.476  007.771  000.626: require('nvim-treesitter.configs')
144.348  000.524  000.524: require('nvim-treesitter.info')
145.055  000.695  000.695: require('nvim-treesitter.shell_command_selectors')
145.162  002.594  001.374: require('nvim-treesitter.install')
160.579  025.943  015.578: require('stankovictab.specifics.treesitter')
161.143  000.345  000.345: require('cokeline/utils')
161.584  000.196  000.196: require('cokeline/augroups')
163.587  001.565  001.565: require('nvim-web-devicons')
163.814  000.219  000.219: require('cokeline.utils')
163.826  002.238  000.454: require('cokeline/buffers')
164.462  000.116  000.116: require('cokeline/hlgroups')
164.467  000.394  000.278: require('cokeline/components')
164.589  000.119  000.119: require('cokeline/sliders')
164.617  000.788  000.275: require('cokeline/config')
164.868  000.248  000.248: require('cokeline/mappings')
165.395  000.113  000.113: require('cokeline/context')
165.402  000.287  000.173: require('cokeline/sidebar')
165.571  000.165  000.165: require('cokeline/rhs')
165.577  000.706  000.254: require('cokeline/rendering')
166.217  000.450  000.450: require('vim.version')
168.920  000.586  000.586: require('cokeline.buffers')
169.167  000.238  000.238: require('cokeline.rendering')
169.173  003.594  002.319: require('cokeline/hover')
169.374  000.198  000.198: require('cokeline/handlers')
169.381  008.229  000.261: require('cokeline')
170.297  009.701  001.127: require('stankovictab.specifics.cokeline')
173.062  000.255  000.255: require('nvim-tree.notify')
173.099  000.606  000.352: require('nvim-tree.events')
174.151  000.301  000.301: require('nvim-tree.log')
175.693  000.304  000.304: require('nvim-tree.iterators.node-iterator')
175.812  001.655  001.351: require('nvim-tree.utils')
176.179  000.363  000.363: require('nvim-tree.git.utils')
176.626  000.443  000.443: require('nvim-tree.git.runner')
177.000  000.367  000.367: require('nvim-tree.watcher')
177.318  000.311  000.311: require('nvim-tree.explorer.node')
177.331  003.971  000.531: require('nvim-tree.git')
177.588  000.253  000.253: require('nvim-tree.explorer.watch')
178.133  000.273  000.273: require('nvim-tree.explorer.node-builders')
178.527  000.385  000.385: require('nvim-tree.explorer.sorters')
178.931  000.398  000.398: require('nvim-tree.explorer.filters')
179.802  000.504  000.504: require('nvim-tree.view')
179.810  000.872  000.368: require('nvim-tree.live-filter')
179.814  002.221  000.294: require('nvim-tree.explorer.explore')
180.098  000.281  000.281: require('nvim-tree.explorer.reload')
180.105  007.002  000.276: require('nvim-tree.explorer')
180.109  007.787  000.178: require('nvim-tree.core')
180.366  000.255  000.255: require('nvim-tree.diagnostics')
180.640  000.131  000.131: require('nvim-tree.modified')
180.645  000.275  000.144: require('nvim-tree.renderer.components.modified')
180.846  000.199  000.199: require('nvim-tree.renderer.components.padding')
181.031  000.182  000.182: require('nvim-tree.renderer.components.icons')
181.224  000.190  000.190: require('nvim-tree.renderer.components.full-name')
181.456  000.228  000.228: require('nvim-tree.renderer.components.git')
181.825  000.366  000.366: require('nvim-tree.renderer.builder')
182.019  000.190  000.190: require('nvim-tree.marks')
182.030  010.075  000.405: require('nvim-tree.renderer')
182.038  010.585  000.510: require('nvim-tree.lib')
182.248  000.207  000.207: require('nvim-tree.colors')
183.684  000.173  000.173: require('nvim-tree.actions.finders.find-file')
183.717  000.353  000.180: require('nvim-tree.actions.tree.open')
183.930  000.210  000.210: require('nvim-tree.actions.tree.toggle')
184.123  000.184  000.184: require('nvim-tree.actions.reloaders.reloaders')
184.258  000.129  000.129: require('nvim-tree.actions.root.dir-up')
184.443  000.181  000.181: require('nvim-tree.actions.tree.find-file')
184.725  000.276  000.276: require('nvim-tree.actions.finders.search-node')
185.002  000.270  000.270: require('nvim-tree.actions.tree-modifiers.collapse-all')
185.275  000.266  000.266: require('nvim-tree.actions.tree-modifiers.expand-all')
185.423  000.144  000.144: require('nvim-tree.actions.tree-modifiers.toggles')
185.958  000.280  000.280: require('nvim-tree.keymap')
185.967  000.537  000.256: require('nvim-tree.help')
186.182  000.210  000.210: require('nvim-tree.actions.fs.create-file')
186.416  000.231  000.231: require('nvim-tree.actions.fs.remove-file')
186.716  000.292  000.292: require('nvim-tree.actions.fs.trash')
186.948  000.227  000.227: require('nvim-tree.actions.fs.rename-file')
187.287  000.332  000.332: require('nvim-tree.actions.fs.copy-paste')
187.495  000.180  000.180: require('nvim-tree.actions.node.file-popup')
187.624  000.125  000.125: require('nvim-tree.actions.node.run-command')
187.793  000.165  000.165: require('nvim-tree.actions.node.system-open')
187.972  000.176  000.176: require('nvim-tree.actions.moves.sibling')
188.167  000.187  000.187: require('nvim-tree.actions.moves.parent')
188.321  000.148  000.148: require('nvim-tree.actions.moves.item')
188.482  000.149  000.149: require('nvim-tree.marks.bulk-delete')
188.634  000.149  000.149: require('nvim-tree.marks.bulk-move')
189.167  000.365  000.365: require('nvim-tree.actions.node.open-file')
189.172  000.535  000.169: require('nvim-tree.marks.navigation')
189.178  006.166  000.512: require('nvim-tree.api')
189.199  006.687  000.521: require('nvim-tree.keymap-legacy')
189.208  006.956  000.270: require('nvim-tree.commands')
189.394  000.183  000.183: require('nvim-tree.actions.root.change-dir')
189.560  000.163  000.163: require('nvim-tree.legacy')
189.612  019.200  001.106: require('nvim-tree')
190.261  000.139  000.139: require('nvim-tree.actions')
193.480  023.177  003.838: require('stankovictab.specifics.nvim-tree')
193.910  000.176  000.176: require('gitsigns.async')
194.454  000.113  000.113: require('gitsigns.message')
194.473  000.559  000.445: require('gitsigns.config')
194.683  000.206  000.206: require('gitsigns.debug.log')
194.693  001.195  000.254: require('gitsigns')
196.742  000.269  000.269: require('which-key.util')
196.750  000.486  000.217: require('which-key.tree')
196.983  000.230  000.230: require('which-key.config')
196.991  001.233  000.517: require('which-key.keys')
196.995  001.481  000.248: require('which-key')
197.285  000.183  000.183: require('nvim-cursorline')
197.324  000.262  000.079: require('stankovictab.specifics.nvim-cursorline')
197.387  000.060  000.060: require('stankovictab.specifics.playground')
198.244  000.282  000.282: require('indent_blankline/utils')
198.249  000.824  000.542: require('indent_blankline')
198.340  000.949  000.125: require('stankovictab.specifics.indent-blankline')
199.300  000.188  000.188: require('zen-mode.util')
199.359  000.458  000.270: require('zen-mode.config')
199.601  000.238  000.238: require('zen-mode.plugins')
199.608  001.037  000.341: require('zen-mode.view')
199.611  001.266  000.229: require('zen-mode')
200.700  000.106  000.106: require('cmp.utils.debug')
201.191  000.291  000.291: require('cmp.utils.char')
201.200  000.495  000.204: require('cmp.utils.str')
201.864  000.227  000.227: require('cmp.utils.misc')
201.996  000.127  000.127: require('cmp.utils.buffer')
202.156  000.157  000.157: require('cmp.utils.api')
202.165  000.812  000.302: require('cmp.utils.keymap')
202.170  000.967  000.155: require('cmp.utils.feedkeys')
203.179  000.139  000.139: require('cmp.types.cmp')
203.537  000.351  000.351: require('cmp.types.lsp')
203.692  000.149  000.149: require('cmp.types.vim')
203.733  000.842  000.203: require('cmp.types')
203.747  001.057  000.214: require('cmp.config.mapping')
203.968  000.217  000.217: require('cmp.utils.cache')
204.653  000.414  000.414: require('cmp.config.compare')
204.659  000.683  000.269: require('cmp.config.default')
204.683  002.237  000.281: require('cmp.config')
204.714  002.542  000.304: require('cmp.utils.async')
205.180  000.179  000.179: require('cmp.utils.pattern')
205.189  000.470  000.291: require('cmp.context')
207.008  000.426  000.426: require('cmp.matcher')
207.022  001.301  000.874: require('cmp.entry')
207.040  001.847  000.546: require('cmp.source')
207.632  000.187  000.187: require('cmp.utils.event')
208.678  000.178  000.178: require('cmp.utils.options')
208.691  000.725  000.547: require('cmp.utils.window')
208.697  001.058  000.333: require('cmp.view.docs_view')
209.711  000.253  000.253: require('cmp.utils.autocmd')
209.731  001.031  000.777: require('cmp.view.custom_entries_view')
210.260  000.525  000.525: require('cmp.view.wildmenu_entries_view')
210.602  000.335  000.335: require('cmp.view.native_entries_view')
210.981  000.372  000.372: require('cmp.view.ghost_text_view')
211.009  003.965  000.457: require('cmp.view')
211.666  011.566  001.174: require('cmp.core')
211.990  000.164  000.164: require('cmp.config.sources')
212.106  000.111  000.111: require('cmp.config.window')
212.179  012.440  000.599: require('cmp')
213.587  000.059  000.059: require('luasnip.session')
214.194  001.122  001.062: require('luasnip.util.util')
214.478  000.058  000.058: require('luasnip.session.snippet_collection.source')
214.488  000.290  000.232: require('luasnip.session.snippet_collection')
215.126  000.497  000.497: require('luasnip.util._builtin_vars')
215.288  000.798  000.300: require('luasnip.util.environ')
215.372  000.080  000.080: require('luasnip.util.extend_decorator')
215.592  000.061  000.061: require('luasnip.loaders._caches')
215.921  000.163  000.163: require('luasnip.util.path')
215.927  000.331  000.168: require('luasnip.loaders.util')
215.966  000.590  000.199: require('luasnip.loaders')
216.131  000.154  000.154: require('luasnip.util.log')
216.491  000.062  000.062: require('luasnip.util.types')
216.611  000.116  000.116: require('luasnip.util.ext_opts')
216.699  000.085  000.085: require('luasnip.extras.filetype_functions')
217.017  000.870  000.607: require('luasnip.config')
217.025  004.518  000.615: require('luasnip')
217.478  000.448  000.448: require('luasnip.util.jsonc')
217.493  005.310  000.344: require('luasnip/loaders/from_vscode')
224.677  000.077  000.077: require('luasnip.nodes.key_indexer')
224.692  000.330  000.253: require('luasnip.nodes.util')
224.773  000.076  000.076: require('luasnip.util.events')
224.797  000.819  000.413: require('luasnip.nodes.node')
225.195  000.393  000.393: require('luasnip.nodes.insertNode')
225.396  000.192  000.192: require('luasnip.nodes.textNode')
225.651  000.249  000.249: require('luasnip.util.mark')
225.829  000.171  000.171: require('luasnip.util.pattern_tokenizer')
225.957  000.122  000.122: require('luasnip.util.dict')
228.712  002.748  002.748: require('luasnip.nodes.util.trig_engines')
228.772  005.558  000.864: require('luasnip.nodes.snippet')
228.778  005.703  000.145: require('luasnip.nodes.duplicate')
229.864  000.161  000.161: require('luasnip.util.parser.neovim_ast')
230.022  000.153  000.153: require('luasnip.util.str')
230.161  000.129  000.129: require('luasnip.util.directed_graph')
230.172  000.766  000.323: require('luasnip.util.parser.ast_utils')
230.377  000.201  000.201: require('luasnip.nodes.functionNode')
230.764  000.383  000.383: require('luasnip.nodes.choiceNode')
231.091  000.323  000.323: require('luasnip.nodes.dynamicNode')
231.181  000.086  000.086: require('luasnip.util.functions')
231.194  002.041  000.282: require('luasnip.util.parser.ast_parser')
231.740  000.543  000.543: require('luasnip.util.parser.neovim_parser')
231.759  002.745  000.160: require('luasnip.util.parser')
231.775  002.919  000.173: require('luasnip.nodes.snippetProxy')
231.997  000.190  000.190: require('luasnip.nodes.multiSnippet')
239.757  040.114  013.551: require('stankovictab.specifics.nvim-cmp')
239.903  204.120  003.468: sourcing /home/stankovictab/.config/nvim/plugin/packer_compiled.lua
240.472  000.078  000.078: sourcing /usr/share/nvim/runtime/plugin/editorconfig.lua
240.623  000.117  000.117: sourcing /usr/share/nvim/runtime/plugin/man.lua
240.738  000.087  000.087: sourcing /usr/share/nvim/runtime/plugin/nvim.lua
240.828  003.573: loading rtp plugins
241.487  000.047  000.047: sourcing /home/stankovictab/.local/share/nvim/site/pack/packer/start/LuaSnip/plugin/luasnip.vim
243.539  001.830  001.830: require('vim.filetype')
243.885  002.307  000.478: sourcing /home/stankovictab/.local/share/nvim/site/pack/packer/start/LuaSnip/plugin/luasnip.lua
244.888  000.209  000.209: require('indent_blankline.commands')
245.082  000.708  000.499: sourcing /home/stankovictab/.local/share/nvim/site/pack/packer/start/indent-blankline.nvim/plugin/indent_blankline.vim
245.442  000.155  000.155: sourcing /home/stankovictab/.local/share/nvim/site/pack/packer/start/lazygit.nvim/plugin/lazygit.vim
246.158  000.163  000.163: require('cmp.utils.highlight')
246.647  000.801  000.638: sourcing /home/stankovictab/.local/share/nvim/site/pack/packer/start/nvim-cmp/plugin/cmp.lua
246.898  000.071  000.071: sourcing /home/stankovictab/.local/share/nvim/site/pack/packer/start/nvim-colorizer.lua/plugin/colorizer.lua
248.879  001.804  001.804: sourcing /home/stankovictab/.local/share/nvim/site/pack/packer/start/nvim-lspconfig/plugin/lspconfig.lua
249.602  000.165  000.165: require('nvim-treesitter.statusline')
249.967  000.362  000.362: require('nvim-treesitter.query_predicates')
249.974  000.708  000.182: require('nvim-treesitter')
250.369  001.163  000.455: sourcing /home/stankovictab/.local/share/nvim/site/pack/packer/start/nvim-treesitter/plugin/nvim-treesitter.lua
250.613  000.101  000.101: sourcing /home/stankovictab/.local/share/nvim/site/pack/packer/start/nvim-web-devicons/plugin/nvim-web-devicons.vim
251.441  000.331  000.331: require('nvim-treesitter-playground')
251.743  000.748  000.417: sourcing /home/stankovictab/.local/share/nvim/site/pack/packer/start/playground/plugin/nvim-treesitter-playground.lua
252.062  000.090  000.090: sourcing /home/stankovictab/.local/share/nvim/site/pack/packer/start/plenary.nvim/plugin/plenary.vim
252.319  000.037  000.037: sourcing /home/stankovictab/.local/share/nvim/site/pack/packer/start/presence.nvim/plugin/presence.vim
253.531  000.882  000.882: sourcing /home/stankovictab/.local/share/nvim/site/pack/packer/start/telescope.nvim/plugin/telescope.lua
254.199  000.358  000.358: sourcing /home/stankovictab/.local/share/nvim/site/pack/packer/start/vim-commentary/plugin/commentary.vim
254.470  000.032  000.032: sourcing /home/stankovictab/.local/share/nvim/site/pack/packer/start/which-key.nvim/plugin/which-key.vim
254.731  000.051  000.051: sourcing /home/stankovictab/.local/share/nvim/site/pack/packer/start/zen-mode.nvim/plugin/zen-mode.vim
255.251  005.066: loading packages
256.442  000.080  000.080: require('cmp_buffer.timer')
256.456  000.396  000.315: require('cmp_buffer.buffer')
256.464  000.613  000.217: require('cmp_buffer.source')
256.467  000.695  000.082: require('cmp_buffer')
256.511  000.781  000.086: sourcing /home/stankovictab/.local/share/nvim/site/pack/packer/start/cmp-buffer/after/plugin/cmp_buffer.lua
257.037  000.183  000.183: require('cmp_nvim_lsp.source')
257.043  000.410  000.226: require('cmp_nvim_lsp')
257.081  000.480  000.070: sourcing /home/stankovictab/.local/share/nvim/site/pack/packer/start/cmp-nvim-lsp/after/plugin/cmp_nvim_lsp.lua
257.484  000.292  000.292: require('cmp_path')
257.512  000.344  000.052: sourcing /home/stankovictab/.local/share/nvim/site/pack/packer/start/cmp-path/after/plugin/cmp_path.lua
257.964  000.288  000.288: require('cmp_luasnip')
258.059  000.433  000.145: sourcing /home/stankovictab/.local/share/nvim/site/pack/packer/start/cmp_luasnip/after/plugin/cmp_luasnip.lua
258.097  000.808: loading after plugins
258.166  000.069: inits 3
262.239  004.073: reading ShaDa
263.513  000.527  000.527: require('packer.load')
268.134  000.304  000.304: require('toggleterm.lazy')
268.322  000.176  000.176: require('toggleterm.constants')
269.639  001.301  001.301: require('toggleterm.terminal')
269.682  003.637  001.857: require('toggleterm')
270.528  000.373  000.373: require('toggleterm.colors')
270.940  000.406  000.406: require('toggleterm.utils')
270.970  001.285  000.507: require('toggleterm.config')
275.684  000.596  000.596: require('toggleterm.commandline')
275.744  011.880  006.362: require('stankovictab.specifics.toggleterm')
280.016  000.823  000.823: require('alpha')
280.255  000.229  000.229: require('alpha.themes.dashboard')
366.582  090.246  089.194: require('stankovictab.specifics.alpha')
367.578  000.415  000.415: require('luasnip.loaders.from_lua')
368.030  000.398  000.398: require('luasnip.loaders.from_snipmate')
368.715  000.533  000.533: require('luasnip.loaders.from_vscode')
369.737  003.499: opening buffers
370.098  000.361: BufEnter autocommands
370.105  000.007: editing files in windows
370.500  000.290  000.290: require('which-key.plugins')
370.804  000.298  000.298: require('which-key.plugins.presets')
371.156  000.348  000.348: require('which-key.plugins.presets.misc')
371.373  000.199  000.199: require('which-key.plugins.registers')
371.723  000.345  000.345: require('which-key.mappings')
372.282  000.215  000.215: require('which-key.plugins.marks')
372.844  000.195  000.195: require('which-key.plugins.spelling')
373.292  000.169  000.169: require('which-key.colors')
397.144  000.334  000.334: require('nvim-treesitter.highlight')
400.635  000.636  000.636: require('vim.treesitter.highlighter')
400.649  000.996  000.360: require('nvim-treesitter-playground.utils')
400.660  001.464  000.468: require('nvim-treesitter-playground.printer')
401.429  000.495  000.495: require('nvim-treesitter.locals')
401.437  000.772  000.276: require('nvim-treesitter-playground.query')
401.793  000.352  000.352: require('nvim-treesitter-playground.promise')
401.863  003.823  001.235: require('nvim-treesitter-playground.internal')
405.420  029.100: VimEnter autocommands
405.432  000.012: UIEnter autocommands
490.039  084.271  084.271: sourcing /usr/share/nvim/runtime/autoload/provider/clipboard.vim
490.070  000.367: before starting main loop
493.424  003.354: first screen update
493.431  000.007: --- NVIM STARTED ---


times in msec
 clock   self+sourced   self:  sourced script
 clock   elapsed:              other lines

000.034  000.034: --- NVIM STARTING ---
000.290  000.256: event init
000.575  000.284: early init
000.772  000.197: locale set
000.905  000.133: init first window
001.537  000.632: inits 1
001.573  000.036: window checked
001.582  000.009: parsing arguments
002.380  000.141  000.141: require('vim.shared')
002.606  000.090  000.090: require('vim._meta')
002.612  000.215  000.125: require('vim._editor')
002.614  000.422  000.066: require('vim._init_packages')
002.624  000.620: init lua interpreter
003.394  000.770: expanding arguments
003.461  000.067: inits 2
004.118  000.657: init highlight
