

times in msec
 clock   self+sourced   self:  sourced script
 clock   elapsed:              other lines

000.016  000.016: --- NVIM STARTING ---
000.185  000.169: event init
000.317  000.132: early init
000.429  000.112: locale set
000.502  000.074: init first window
000.915  000.412: inits 1
000.952  000.037: window checked
000.960  000.008: parsing arguments
001.678  000.077  000.077: require('vim.shared')
001.796  000.042  000.042: require('vim._meta')
001.799  000.113  000.072: require('vim._editor')
001.801  000.231  000.040: require('vim._init_packages')
001.805  000.615: init lua interpreter
001.917  000.112: expanding arguments
001.956  000.038: inits 2
002.428  000.473: init highlight
002.431  000.003: waiting for UI
002.597  000.166: done waiting for UI
002.606  000.009: clear screen
002.817  000.210: init default mappings & autocommands
005.578  000.129  000.129: sourcing /usr/share/nvim/runtime/ftplugin.vim
006.114  000.143  000.143: sourcing /usr/share/nvim/runtime/indent.vim
006.322  000.065  000.065: sourcing $VIM/sysinit.vim
008.705  002.266  002.266: require('stankovictab.settings')
015.627  000.333  000.333: require('packer.util')
015.701  005.929  005.596: require('packer')
016.834  000.274  000.274: require('packer.log')
016.842  000.502  000.228: require('packer.async')
017.269  000.160  000.160: require('packer.result')
017.274  000.430  000.270: require('packer.jobs')
017.279  001.519  000.588: require('packer.plugin_utils')
017.572  000.279  000.279: require('packer.snapshot')
018.269  000.012  000.012: require('vim.keymap')
018.297  009.582  001.842: require('stankovictab.plugins')
018.976  000.676  000.676: require('stankovictab.shortcuts')
019.258  000.103  000.103: require('material.util.config')
019.262  000.232  000.128: require('material')
020.017  000.145  000.145: require('mgz')
021.602  001.321  001.321: require('mgz.theme')
021.617  001.587  000.267: require('mgz.util')
026.460  006.638  004.905: sourcing /home/stankovictab/.local/share/nvim/site/pack/packer/start/mgz.nvim/colors/mgz.lua
026.485  007.506  000.636: require('stankovictab.themes')
026.488  020.098  000.068: sourcing /home/stankovictab/.config/nvim/init.lua
026.506  003.255: sourcing vimrc file(s)
027.946  000.969  000.969: sourcing /usr/share/nvim/runtime/filetype.lua
028.461  000.135  000.135: sourcing /usr/share/nvim/runtime/syntax/synload.vim
028.632  000.573  000.438: sourcing /usr/share/nvim/runtime/syntax/syntax.vim
030.620  000.737  000.737: sourcing /usr/share/nvim/site/plugin/fzf.vim
031.173  000.228  000.228: sourcing /usr/share/nvim/runtime/plugin/gzip.vim
031.226  000.017  000.017: sourcing /usr/share/nvim/runtime/plugin/health.vim
031.967  000.270  000.270: sourcing /usr/share/nvim/runtime/pack/dist/opt/matchit/plugin/matchit.vim
032.223  000.976  000.705: sourcing /usr/share/nvim/runtime/plugin/matchit.vim
032.484  000.226  000.226: sourcing /usr/share/nvim/runtime/plugin/matchparen.vim
032.536  000.027  000.027: sourcing /usr/share/nvim/runtime/plugin/netrwPlugin.vim
032.753  000.011  000.011: sourcing /home/stankovictab/.local/share/nvim/rplugin.vim
032.764  000.202  000.191: sourcing /usr/share/nvim/runtime/plugin/rplugin.vim
032.866  000.084  000.084: sourcing /usr/share/nvim/runtime/plugin/shada.vim
032.933  000.032  000.032: sourcing /usr/share/nvim/runtime/plugin/spellfile.vim
033.140  000.182  000.182: sourcing /usr/share/nvim/runtime/plugin/tarPlugin.vim
033.374  000.161  000.161: sourcing /usr/share/nvim/runtime/plugin/tohtml.vim
033.456  000.039  000.039: sourcing /usr/share/nvim/runtime/plugin/tutor.vim
033.778  000.285  000.285: sourcing /usr/share/nvim/runtime/plugin/zipPlugin.vim
033.932  000.022  000.022: sourcing /usr/share/vim/vimfiles/plugin/fzf.vim
038.419  000.177  000.177: require('lib.log')
039.016  000.589  000.589: require('deps.msgpack')
039.826  000.804  000.804: require('deps.serpent')
040.034  000.196  000.196: require('presence.file_explorers')
040.755  000.717  000.717: require('presence.file_assets')
040.930  000.167  000.167: require('presence.plugin_managers')
041.566  000.321  000.321: require('deps.struct')
041.605  000.671  000.350: require('presence.discord')
041.615  004.380  001.059: require('presence')
042.401  000.054  000.054: sourcing /home/stankovictab/.local/share/nvim/site/pack/packer/start/presence.nvim/autoload/presence.vim
045.194  010.164  005.730: require('stankovictab.specifics.presence')
046.916  000.313  000.313: require('lualine_require')
047.557  002.020  001.706: require('lualine')
051.846  000.118  000.118: require('lualine.utils.mode')
058.571  013.356  011.219: require('stankovictab.specifics.lualine')
059.583  000.143  000.143: require('colorizer.color')
060.081  000.045  000.045: require('ffi')
060.224  000.433  000.389: require('colorizer.trie')
060.729  000.317  000.317: require('colorizer.utils')
060.737  000.509  000.192: require('colorizer.parser.names')
060.923  000.183  000.183: require('colorizer.parser.rgb')
061.111  000.184  000.184: require('colorizer.parser.hsl')
061.267  000.152  000.152: require('colorizer.parser.argb_hex')
061.423  000.152  000.152: require('colorizer.parser.rgba_hex')
062.007  000.581  000.581: require('colorizer.sass')
062.015  002.425  000.229: require('colorizer.matcher')
062.299  000.281  000.281: require('colorizer.tailwind')
062.309  003.163  000.315: require('colorizer.buffer')
062.325  003.660  000.497: require('colorizer')
062.410  003.828  000.168: require('stankovictab.specifics.nvim-colorizer')
062.901  000.186  000.186: require('telescope._extensions')
062.906  000.430  000.244: require('telescope')
064.972  000.379  000.379: require('plenary.bit')
065.194  000.214  000.214: require('plenary.functional')
065.232  001.533  000.940: require('plenary.path')
065.241  001.828  000.295: require('plenary.strings')
065.404  000.160  000.160: require('telescope.deprecated')
066.621  000.012  000.012: require('vim.F')
066.662  000.491  000.480: require('plenary.log')
066.739  000.783  000.292: require('telescope.log')
068.957  001.263  001.263: require('plenary.job')
069.256  000.288  000.288: require('telescope.state')
069.288  002.545  000.994: require('telescope.utils')
069.325  003.918  000.589: require('telescope.sorters')
069.524  000.154  000.154: require('vim.inspect')
072.410  009.501  003.441: require('telescope.config')
074.269  011.855  001.924: require('stankovictab.specifics.telescope')
074.736  000.166  000.166: require('mason-core.path')
075.440  000.365  000.365: require('mason-core.functional')
075.934  000.156  000.156: require('mason-core.functional.data')
075.948  000.464  000.308: require('mason-core.functional.function')
076.172  000.184  000.184: require('mason-core.functional.relation')
076.374  000.185  000.185: require('mason-core.functional.logic')
076.408  001.667  000.469: require('mason-core.platform')
076.776  000.364  000.364: require('mason.settings')
076.785  002.390  000.194: require('mason')
078.039  000.413  000.413: require('mason-core.functional.list')
078.321  000.255  000.255: require('mason-core.functional.string')
078.394  001.518  000.850: require('mason.api.command')
078.675  000.249  000.249: require('mason-registry.sources')
079.457  000.442  000.442: require('mason-core.log')
079.602  000.136  000.136: require('mason-lspconfig.settings')
079.610  000.908  000.330: require('mason-lspconfig')
080.116  000.144  000.144: require('mason-lspconfig.notify')
080.130  000.394  000.250: require('mason-lspconfig.lspconfig_hook')
084.580  000.371  000.371: require('vim.lsp.log')
085.665  001.075  001.075: require('vim.lsp.protocol')
089.177  001.274  001.274: require('vim.lsp._snippet')
089.659  000.466  000.466: require('vim.highlight')
089.707  004.031  002.291: require('vim.lsp.util')
089.755  006.646  001.168: require('vim.lsp.handlers')
091.579  001.818  001.818: require('vim.lsp.rpc')
092.119  000.526  000.526: require('vim.lsp.sync')
092.821  000.696  000.696: require('vim.lsp.semantic_tokens')
093.688  000.862  000.862: require('vim.lsp.buf')
094.127  000.433  000.433: require('vim.lsp.diagnostic')
094.624  000.492  000.492: require('vim.lsp.codelens')
094.736  013.736  002.263: require('vim.lsp')
094.936  014.803  001.066: require('lspconfig.util')
095.489  000.201  000.201: require('mason-core.functional.table')
095.582  000.641  000.440: require('mason-lspconfig.mappings.server')
096.135  000.222  000.222: require('mason-core.EventEmitter')
096.387  000.245  000.245: require('mason-core.optional')
097.074  000.353  000.353: require('mason-core.async')
097.237  000.152  000.152: require('mason-core.async.uv')
097.264  000.871  000.366: require('mason-core.fs')
097.346  001.759  000.421: require('mason-registry')
097.505  000.151  000.151: require('mason-lspconfig.server_config_extensions')
098.180  000.668  000.668: require('lspconfig.configs')
098.424  000.234  000.234: require('lspconfig.server_configurations.omnisharp')
098.729  000.156  000.156: require('mason-lspconfig.ensure_installed')
101.097  000.448  000.448: require('mason-core.result')
101.467  001.429  000.981: require('mason-core.purl')
101.544  002.261  000.832: require('mason-core.package')
103.619  000.757  000.757: require('mason-core.process')
104.244  000.617  000.617: require('mason-core.spawn')
104.264  001.644  000.270: require('mason-core.managers.powershell')
104.378  000.111  000.111: require('mason.version')
104.386  002.834  001.079: require('mason-core.fetch')
104.623  000.233  000.233: require('mason-core.providers')
106.976  000.276  000.276: require('mason-core.installer.registry.expr')
107.153  001.561  001.285: require('mason-core.installer.registry.link')
109.150  000.333  000.333: require('mason-core.receipt')
109.344  001.053  000.720: require('mason-core.installer.context')
109.591  000.238  000.238: require('mason-core.async.control')
109.941  000.343  000.343: require('mason-core.installer.linker')
109.955  002.155  000.521: require('mason-core.installer')
109.994  002.598  000.444: require('mason-core.installer.managers.std')
110.000  002.838  000.240: require('mason-core.installer.registry.schemas')
110.298  000.294  000.294: require('mason-core.installer.registry.util')
110.361  005.733  001.040: require('mason-core.installer.registry')
110.386  011.636  000.575: require('mason-registry.sources.github')
118.630  000.158  000.158: require('mason-core.functional.number')
118.690  000.520  000.362: require('mason-lspconfig.api.command')
118.942  000.245  000.245: require('lspconfig')
119.193  000.243  000.243: require('lspconfig.server_configurations.tsserver')
121.235  000.324  000.324: require('lspconfig.server_configurations.pyright')
123.719  000.336  000.336: require('lspconfig.server_configurations.lua_ls')
124.802  000.203  000.203: require('lspconfig.server_configurations.bashls')
125.694  000.169  000.169: require('lspconfig.server_configurations.cssls')
126.561  052.280  014.731: require('stankovictab.specifics.lsp-hell')
127.022  000.111  000.111: require('scrollbar.const')
127.307  000.281  000.281: require('scrollbar.utils')
127.458  000.147  000.147: require('scrollbar.handlers')
127.465  000.852  000.312: require('scrollbar')
127.642  000.174  000.174: require('scrollbar.config')
128.517  000.183  000.183: require('scrollbar.handlers.cursor')
130.032  001.254  001.254: require('vim.diagnostic')
130.040  001.489  000.235: require('scrollbar.handlers.diagnostic')
130.114  003.547  000.849: require('stankovictab.specifics.nvim-scrollbar')
130.752  000.107  000.107: require('nvim-autopairs._log')
130.976  000.220  000.220: require('nvim-autopairs.utils')
131.633  000.284  000.284: require('nvim-autopairs.conds')
131.641  000.496  000.212: require('nvim-autopairs.rule')
131.644  000.665  000.169: require('nvim-autopairs.rules.basic')
131.653  001.532  000.540: require('nvim-autopairs')
132.466  000.285  000.285: require('flash')
132.719  000.242  000.242: require('flash.config')
133.340  000.123  000.123: require('flash.require')
133.353  000.464  000.342: require('flash.plugins.search')
133.740  000.305  000.305: require('flash.plugins.char')
133.900  000.151  000.151: require('flash.repeat')
137.876  000.325  000.325: require('vim.treesitter.language')
137.896  000.927  000.602: require('vim.treesitter.query')
138.318  000.372  000.372: require('vim.treesitter._range')
138.330  002.026  000.727: require('vim.treesitter.languagetree')
138.342  002.469  000.443: require('vim.treesitter')
138.347  002.625  000.156: require('nvim-treesitter.compat')
142.018  002.509  002.509: require('nvim-treesitter.parsers')
142.602  000.569  000.569: require('nvim-treesitter.utils')
142.618  003.827  000.749: require('nvim-treesitter.ts_utils')
142.635  004.286  000.460: require('nvim-treesitter.tsrange')
142.904  000.264  000.264: require('nvim-treesitter.caching')
142.930  007.781  000.606: require('nvim-treesitter.query')
142.963  008.617  000.836: require('nvim-treesitter.configs')
144.597  000.453  000.453: require('nvim-treesitter.info')
145.102  000.492  000.492: require('nvim-treesitter.shell_command_selectors')
145.152  002.167  001.221: require('nvim-treesitter.install')
158.983  024.736  013.952: require('stankovictab.specifics.treesitter')
159.384  000.223  000.223: require('cokeline/utils')
159.699  000.165  000.165: require('cokeline/augroups')
161.784  001.586  001.586: require('nvim-web-devicons')
162.042  000.247  000.247: require('cokeline.utils')
162.072  002.370  000.536: require('cokeline/buffers')
162.712  000.118  000.118: require('cokeline/hlgroups')
162.717  000.392  000.274: require('cokeline/components')
162.857  000.138  000.138: require('cokeline/sliders')
162.897  000.821  000.292: require('cokeline/config')
163.218  000.317  000.317: require('cokeline/mappings')
163.845  000.111  000.111: require('cokeline/context')
163.852  000.316  000.205: require('cokeline/sidebar')
163.975  000.121  000.121: require('cokeline/rhs')
163.984  000.761  000.325: require('cokeline/rendering')
164.620  000.426  000.426: require('vim.version')
167.588  000.662  000.662: require('cokeline.buffers')
167.897  000.297  000.297: require('cokeline.rendering')
167.902  003.916  002.531: require('cokeline/hover')
168.203  000.297  000.297: require('cokeline/handlers')
168.213  008.825  000.177: require('cokeline')
169.441  010.444  001.397: require('stankovictab.specifics.cokeline')
171.575  000.224  000.224: require('nvim-tree.notify')
171.599  000.498  000.274: require('nvim-tree.events')
172.741  000.339  000.339: require('nvim-tree.log')
174.276  000.682  000.682: require('nvim-tree.iterators.node-iterator')
174.379  001.626  000.943: require('nvim-tree.utils')
174.833  000.448  000.448: require('nvim-tree.git.utils')
175.199  000.359  000.359: require('nvim-tree.git.runner')
175.521  000.317  000.317: require('nvim-tree.watcher')
175.735  000.210  000.210: require('nvim-tree.explorer.node')
175.744  003.852  000.554: require('nvim-tree.git')
175.983  000.237  000.237: require('nvim-tree.explorer.watch')
176.503  000.283  000.283: require('nvim-tree.explorer.node-builders')
176.903  000.393  000.393: require('nvim-tree.explorer.sorters')
177.323  000.414  000.414: require('nvim-tree.explorer.filters')
179.517  001.756  001.756: require('nvim-tree.view')
179.548  002.219  000.463: require('nvim-tree.live-filter')
179.587  003.599  000.290: require('nvim-tree.explorer.explore')
180.436  000.844  000.844: require('nvim-tree.explorer.reload')
180.449  008.845  000.312: require('nvim-tree.explorer')
180.456  009.525  000.182: require('nvim-tree.core')
181.350  000.890  000.890: require('nvim-tree.diagnostics')
181.793  000.181  000.181: require('nvim-tree.modified')
181.815  000.454  000.273: require('nvim-tree.renderer.components.modified')
182.154  000.337  000.337: require('nvim-tree.renderer.components.padding')
182.484  000.326  000.326: require('nvim-tree.renderer.components.icons')
182.943  000.455  000.455: require('nvim-tree.renderer.components.full-name')
183.473  000.527  000.527: require('nvim-tree.renderer.components.git')
184.268  000.791  000.791: require('nvim-tree.renderer.builder')
184.508  000.236  000.236: require('nvim-tree.marks')
184.519  013.837  000.297: require('nvim-tree.renderer')
184.526  014.136  000.299: require('nvim-tree.lib')
184.732  000.203  000.203: require('nvim-tree.colors')
186.000  000.195  000.195: require('nvim-tree.actions.finders.find-file')
186.033  000.369  000.174: require('nvim-tree.actions.tree.open')
186.280  000.243  000.243: require('nvim-tree.actions.tree.toggle')
186.520  000.229  000.229: require('nvim-tree.actions.reloaders.reloaders')
186.678  000.151  000.151: require('nvim-tree.actions.root.dir-up')
186.880  000.196  000.196: require('nvim-tree.actions.tree.find-file')
187.391  000.505  000.505: require('nvim-tree.actions.finders.search-node')
187.676  000.275  000.275: require('nvim-tree.actions.tree-modifiers.collapse-all')
187.967  000.285  000.285: require('nvim-tree.actions.tree-modifiers.expand-all')
188.221  000.247  000.247: require('nvim-tree.actions.tree-modifiers.toggles')
189.637  000.388  000.388: require('nvim-tree.keymap')
189.651  001.420  001.031: require('nvim-tree.help')
189.876  000.219  000.219: require('nvim-tree.actions.fs.create-file')
190.122  000.242  000.242: require('nvim-tree.actions.fs.remove-file')
190.334  000.207  000.207: require('nvim-tree.actions.fs.trash')
190.530  000.192  000.192: require('nvim-tree.actions.fs.rename-file')
190.856  000.319  000.319: require('nvim-tree.actions.fs.copy-paste')
191.042  000.173  000.173: require('nvim-tree.actions.node.file-popup')
191.184  000.128  000.128: require('nvim-tree.actions.node.run-command')
191.350  000.162  000.162: require('nvim-tree.actions.node.system-open')
191.498  000.145  000.145: require('nvim-tree.actions.moves.sibling')
191.643  000.139  000.139: require('nvim-tree.actions.moves.parent')
191.793  000.146  000.146: require('nvim-tree.actions.moves.item')
191.955  000.149  000.149: require('nvim-tree.marks.bulk-delete')
192.156  000.195  000.195: require('nvim-tree.marks.bulk-move')
192.670  000.344  000.344: require('nvim-tree.actions.node.open-file')
192.676  000.516  000.171: require('nvim-tree.marks.navigation')
192.683  007.298  000.449: require('nvim-tree.api')
192.706  007.787  000.488: require('nvim-tree.keymap-legacy')
192.716  007.980  000.193: require('nvim-tree.commands')
192.901  000.183  000.183: require('nvim-tree.actions.root.change-dir')
193.075  000.171  000.171: require('nvim-tree.legacy')
193.124  023.539  000.866: require('nvim-tree')
193.920  000.137  000.137: require('nvim-tree.actions')
196.789  027.339  003.663: require('stankovictab.specifics.nvim-tree')
197.209  000.179  000.179: require('gitsigns.async')
197.619  000.069  000.069: require('gitsigns.message')
197.630  000.416  000.347: require('gitsigns.config')
197.767  000.134  000.134: require('gitsigns.debug.log')
197.773  000.967  000.237: require('gitsigns')
200.628  000.455  000.455: require('which-key.util')
200.642  000.846  000.390: require('which-key.tree')
201.132  000.484  000.484: require('which-key.config')
201.147  002.132  000.802: require('which-key.keys')
201.158  002.387  000.255: require('which-key')
201.624  000.300  000.300: require('nvim-cursorline')
201.691  000.431  000.131: require('stankovictab.specifics.nvim-cursorline')
201.783  000.087  000.087: require('stankovictab.specifics.playground')
204.326  001.678  001.678: require('indent_blankline/utils')
204.341  002.501  000.823: require('indent_blankline')
204.524  002.736  000.235: require('stankovictab.specifics.indent-blankline')
205.571  000.195  000.195: require('zen-mode.util')
205.658  000.485  000.289: require('zen-mode.config')
206.081  000.418  000.418: require('zen-mode.plugins')
206.097  001.292  000.390: require('zen-mode.view')
206.104  001.570  000.278: require('zen-mode')
207.934  000.201  000.201: require('cmp.utils.debug')
208.652  000.304  000.304: require('cmp.utils.char')
208.666  000.719  000.416: require('cmp.utils.str')
209.550  000.227  000.227: require('cmp.utils.misc')
209.662  000.108  000.108: require('cmp.utils.buffer')
209.824  000.158  000.158: require('cmp.utils.api')
209.831  000.923  000.430: require('cmp.utils.keymap')
209.836  001.165  000.242: require('cmp.utils.feedkeys')
211.241  000.201  000.201: require('cmp.types.cmp')
211.709  000.460  000.460: require('cmp.types.lsp')
211.867  000.151  000.151: require('cmp.types.vim')
211.902  001.018  000.206: require('cmp.types')
211.914  001.370  000.353: require('cmp.config.mapping')
212.120  000.202  000.202: require('cmp.utils.cache')
212.796  000.411  000.411: require('cmp.config.compare')
212.802  000.674  000.263: require('cmp.config.default')
212.826  002.704  000.457: require('cmp.config')
212.881  003.043  000.339: require('cmp.utils.async')
213.413  000.265  000.265: require('cmp.utils.pattern')
213.422  000.536  000.271: require('cmp.context')
215.215  000.453  000.453: require('cmp.matcher')
215.233  001.276  000.822: require('cmp.entry')
215.248  001.822  000.546: require('cmp.source')
215.719  000.129  000.129: require('cmp.utils.event')
216.337  000.108  000.108: require('cmp.utils.options')
216.344  000.425  000.317: require('cmp.utils.window')
216.348  000.624  000.199: require('cmp.view.docs_view')
216.927  000.151  000.151: require('cmp.utils.autocmd')
216.938  000.588  000.438: require('cmp.view.custom_entries_view')
217.229  000.288  000.288: require('cmp.view.wildmenu_entries_view')
217.447  000.215  000.215: require('cmp.view.native_entries_view')
217.657  000.206  000.206: require('cmp.view.ghost_text_view')
217.671  002.418  000.368: require('cmp.view')
218.384  011.512  001.607: require('cmp.core')
218.697  000.110  000.110: require('cmp.config.sources')
218.808  000.106  000.106: require('cmp.config.window')
218.875  012.537  000.810: require('cmp')
220.430  000.086  000.086: require('luasnip.session')
221.410  001.660  001.574: require('luasnip.util.util')
221.835  000.089  000.089: require('luasnip.session.snippet_collection.source')
221.848  000.429  000.340: require('luasnip.session.snippet_collection')
223.028  000.918  000.918: require('luasnip.util._builtin_vars')
223.344  001.491  000.573: require('luasnip.util.environ')
223.526  000.173  000.173: require('luasnip.util.extend_decorator')
223.943  000.172  000.172: require('luasnip.loaders._caches')
224.379  000.168  000.168: require('luasnip.util.path')
224.385  000.436  000.267: require('luasnip.loaders.util')
224.428  000.896  000.288: require('luasnip.loaders')
224.593  000.153  000.153: require('luasnip.util.log')
224.943  000.051  000.051: require('luasnip.util.types')
225.069  000.123  000.123: require('luasnip.util.ext_opts')
225.173  000.100  000.100: require('luasnip.extras.filetype_functions')
225.479  000.864  000.590: require('luasnip.config')
225.485  006.299  000.632: require('luasnip')
225.849  000.360  000.360: require('luasnip.util.jsonc')
225.861  006.983  000.325: require('luasnip/loaders/from_vscode')
230.976  000.042  000.042: require('luasnip.nodes.key_indexer')
230.987  000.194  000.152: require('luasnip.nodes.util')
231.035  000.045  000.045: require('luasnip.util.events')
231.071  000.603  000.363: require('luasnip.nodes.node')
231.299  000.225  000.225: require('luasnip.nodes.insertNode')
231.387  000.084  000.084: require('luasnip.nodes.textNode')
231.539  000.148  000.148: require('luasnip.util.mark')
231.649  000.106  000.106: require('luasnip.util.pattern_tokenizer')
231.724  000.071  000.071: require('luasnip.util.dict')
231.815  000.087  000.087: require('luasnip.nodes.util.trig_engines')
231.848  002.127  000.803: require('luasnip.nodes.snippet')
231.852  002.229  000.101: require('luasnip.nodes.duplicate')
233.064  000.220  000.220: require('luasnip.util.parser.neovim_ast')
233.268  000.193  000.193: require('luasnip.util.str')
233.472  000.172  000.172: require('luasnip.util.directed_graph')
233.482  001.030  000.446: require('luasnip.util.parser.ast_utils')
233.738  000.251  000.251: require('luasnip.nodes.functionNode')
234.273  000.530  000.530: require('luasnip.nodes.choiceNode')
234.789  000.509  000.509: require('luasnip.nodes.dynamicNode')
237.541  002.744  002.744: require('luasnip.util.functions')
237.565  005.461  000.398: require('luasnip.util.parser.ast_parser')
238.150  000.579  000.579: require('luasnip.util.parser.neovim_parser')
238.164  006.202  000.161: require('luasnip.util.parser')
238.177  006.308  000.107: require('luasnip.nodes.snippetProxy')
238.421  000.215  000.215: require('luasnip.nodes.multiSnippet')
248.304  042.124  013.852: require('stankovictab.specifics.nvim-cmp')
248.448  214.425  003.595: sourcing /home/stankovictab/.config/nvim/plugin/packer_compiled.lua
248.995  000.080  000.080: sourcing /usr/share/nvim/runtime/plugin/editorconfig.lua
249.213  000.193  000.193: sourcing /usr/share/nvim/runtime/plugin/man.lua
249.304  000.064  000.064: sourcing /usr/share/nvim/runtime/plugin/nvim.lua
249.374  003.347: loading rtp plugins
250.023  000.045  000.045: sourcing /home/stankovictab/.local/share/nvim/site/pack/packer/start/LuaSnip/plugin/luasnip.vim
252.139  001.882  001.882: require('vim.filetype')
252.461  002.334  000.452: sourcing /home/stankovictab/.local/share/nvim/site/pack/packer/start/LuaSnip/plugin/luasnip.lua
253.424  000.239  000.239: require('indent_blankline.commands')
253.626  000.698  000.459: sourcing /home/stankovictab/.local/share/nvim/site/pack/packer/start/indent-blankline.nvim/plugin/indent_blankline.vim
254.177  000.295  000.295: sourcing /home/stankovictab/.local/share/nvim/site/pack/packer/start/lazygit.nvim/plugin/lazygit.vim
255.405  000.261  000.261: require('cmp.utils.highlight')
256.221  001.336  001.075: sourcing /home/stankovictab/.local/share/nvim/site/pack/packer/start/nvim-cmp/plugin/cmp.lua
256.684  000.119  000.119: sourcing /home/stankovictab/.local/share/nvim/site/pack/packer/start/nvim-colorizer.lua/plugin/colorizer.lua
258.763  001.905  001.905: sourcing /home/stankovictab/.local/share/nvim/site/pack/packer/start/nvim-lspconfig/plugin/lspconfig.lua
259.608  000.172  000.172: require('nvim-treesitter.statusline')
259.933  000.319  000.319: require('nvim-treesitter.query_predicates')
259.939  000.685  000.193: require('nvim-treesitter')
260.559  001.384  000.699: sourcing /home/stankovictab/.local/share/nvim/site/pack/packer/start/nvim-treesitter/plugin/nvim-treesitter.lua
260.758  000.078  000.078: sourcing /home/stankovictab/.local/share/nvim/site/pack/packer/start/nvim-web-devicons/plugin/nvim-web-devicons.vim
261.274  000.193  000.193: require('nvim-treesitter-playground')
261.556  000.570  000.377: sourcing /home/stankovictab/.local/share/nvim/site/pack/packer/start/playground/plugin/nvim-treesitter-playground.lua
261.710  000.050  000.050: sourcing /home/stankovictab/.local/share/nvim/site/pack/packer/start/plenary.nvim/plugin/plenary.vim
261.866  000.020  000.020: sourcing /home/stankovictab/.local/share/nvim/site/pack/packer/start/presence.nvim/plugin/presence.vim
262.542  000.461  000.461: sourcing /home/stankovictab/.local/share/nvim/site/pack/packer/start/telescope.nvim/plugin/telescope.lua
262.886  000.184  000.184: sourcing /home/stankovictab/.local/share/nvim/site/pack/packer/start/vim-commentary/plugin/commentary.vim
263.037  000.014  000.014: sourcing /home/stankovictab/.local/share/nvim/site/pack/packer/start/which-key.nvim/plugin/which-key.vim
263.213  000.025  000.025: sourcing /home/stankovictab/.local/share/nvim/site/pack/packer/start/zen-mode.nvim/plugin/zen-mode.vim
263.508  004.614: loading packages
264.440  000.079  000.079: require('cmp_buffer.timer')
264.448  000.382  000.304: require('cmp_buffer.buffer')
264.453  000.582  000.199: require('cmp_buffer.source')
264.456  000.640  000.058: require('cmp_buffer')
264.497  000.707  000.067: sourcing /home/stankovictab/.local/share/nvim/site/pack/packer/start/cmp-buffer/after/plugin/cmp_buffer.lua
264.953  000.167  000.167: require('cmp_nvim_lsp.source')
264.958  000.353  000.186: require('cmp_nvim_lsp')
264.989  000.404  000.051: sourcing /home/stankovictab/.local/share/nvim/site/pack/packer/start/cmp-nvim-lsp/after/plugin/cmp_nvim_lsp.lua
265.409  000.299  000.299: require('cmp_path')
265.435  000.350  000.051: sourcing /home/stankovictab/.local/share/nvim/site/pack/packer/start/cmp-path/after/plugin/cmp_path.lua
265.767  000.208  000.208: require('cmp_luasnip')
265.858  000.337  000.129: sourcing /home/stankovictab/.local/share/nvim/site/pack/packer/start/cmp_luasnip/after/plugin/cmp_luasnip.lua
265.884  000.580: loading after plugins
265.932  000.048: inits 3
271.170  005.238: reading ShaDa
272.607  000.600  000.600: require('packer.load')
277.001  000.222  000.222: require('toggleterm.lazy')
277.228  000.216  000.216: require('toggleterm.constants')
278.060  000.795  000.795: require('toggleterm.terminal')
278.076  002.139  000.906: require('toggleterm')
278.623  000.252  000.252: require('toggleterm.colors')
278.880  000.253  000.253: require('toggleterm.utils')
278.896  000.815  000.310: require('toggleterm.config')
281.189  000.417  000.417: require('toggleterm.commandline')
281.221  008.005  004.633: require('stankovictab.specifics.toggleterm')
286.146  001.575  001.575: require('alpha')
286.722  000.563  000.563: require('alpha.themes.dashboard')
371.980  090.398  088.259: require('stankovictab.specifics.alpha')
374.609  001.342  001.342: require('luasnip.loaders.from_lua')
375.487  000.786  000.786: require('luasnip.loaders.from_snipmate')
376.878  001.169  001.169: require('luasnip.loaders.from_vscode')
378.692  005.222: opening buffers
379.492  000.800: BufEnter autocommands
379.503  000.011: editing files in windows
380.266  000.557  000.557: require('which-key.plugins')
380.769  000.493  000.493: require('which-key.plugins.registers')
381.936  001.081  001.081: require('which-key.mappings')
383.060  000.360  000.360: require('which-key.plugins.marks')
383.942  000.350  000.350: require('which-key.plugins.spelling')
384.905  000.481  000.481: require('which-key.plugins.presets')
385.305  000.393  000.393: require('which-key.plugins.presets.misc')
385.597  000.176  000.176: require('which-key.colors')
407.415  000.229  000.229: require('nvim-treesitter.highlight')
409.652  000.382  000.382: require('vim.treesitter.highlighter')
409.662  000.624  000.242: require('nvim-treesitter-playground.utils')
409.668  000.909  000.285: require('nvim-treesitter-playground.printer')
410.245  000.418  000.418: require('nvim-treesitter.locals')
410.253  000.582  000.165: require('nvim-treesitter-playground.query')
410.604  000.347  000.347: require('nvim-treesitter-playground.promise')
410.683  002.727  000.889: require('nvim-treesitter-playground.internal')
415.724  029.373: VimEnter autocommands
415.738  000.014: UIEnter autocommands
502.826  086.597  086.597: sourcing /usr/share/nvim/runtime/autoload/provider/clipboard.vim
502.858  000.523: before starting main loop
506.091  003.233: first screen update
506.100  000.009: --- NVIM STARTED ---


times in msec
 clock   self+sourced   self:  sourced script
 clock   elapsed:              other lines

000.012  000.012: --- NVIM STARTING ---
000.152  000.140: event init
000.251  000.099: early init
000.335  000.083: locale set
000.395  000.060: init first window
000.747  000.352: inits 1
000.760  000.012: window checked
000.765  000.005: parsing arguments
001.332  000.075  000.075: require('vim.shared')
001.453  000.046  000.046: require('vim._meta')
001.456  000.118  000.072: require('vim._editor')
001.458  000.233  000.040: require('vim._init_packages')
001.462  000.464: init lua interpreter
002.203  000.742: expanding arguments
002.258  000.055: inits 2
002.642  000.383: init highlight
